2019-02-01T07:35:28+00:00 CRITICAL syntax error, unexpected '=>' (T_DOUBLE_ARROW) в D:\OSPanel\domains\forsagewp\wp-content\themes\forsage_penza\disks_product_list.php на строке 22

2019-02-01T07:37:33+00:00 CRITICAL syntax error, unexpected '=>' (T_DOUBLE_ARROW) в D:\OSPanel\domains\forsagewp\wp-content\themes\forsage_penza\disks_product_list.php на строке 28

2019-02-01T07:38:44+00:00 CRITICAL syntax error, unexpected '=>' (T_DOUBLE_ARROW) в D:\OSPanel\domains\forsagewp\wp-content\themes\forsage_penza\disks_product_list.php на строке 22

2019-02-01T07:39:57+00:00 CRITICAL syntax error, unexpected '\' (T_NS_SEPARATOR) в D:\OSPanel\domains\forsagewp\wp-content\themes\forsage_penza\disks_product_list.php на строке 22

2019-02-01T07:40:58+00:00 CRITICAL syntax error, unexpected 'array' (T_ARRAY) в D:\OSPanel\domains\forsagewp\wp-content\themes\forsage_penza\disks_product_list.php на строке 22

2019-02-01T07:43:26+00:00 CRITICAL syntax error, unexpected '&' в D:\OSPanel\domains\forsagewp\wp-content\themes\forsage_penza\tires_product_list.php на строке 12

2019-02-01T07:45:19+00:00 CRITICAL syntax error, unexpected 'array' (T_ARRAY) в D:\OSPanel\domains\forsagewp\wp-content\themes\forsage_penza\disks_product_list.php на строке 22

2019-02-01T07:45:45+00:00 CRITICAL syntax error, unexpected '%' в D:\OSPanel\domains\forsagewp\wp-content\themes\forsage_penza\tires_product_list.php на строке 11

2019-02-01T07:46:12+00:00 CRITICAL syntax error, unexpected 'D' (T_STRING) в D:\OSPanel\domains\forsagewp\wp-content\themes\forsage_penza\disks_product_list.php на строке 22

2019-02-01T07:48:03+00:00 CRITICAL syntax error, unexpected '"=>"' (T_CONSTANT_ENCAPSED_STRING) в D:\OSPanel\domains\forsagewp\wp-content\themes\forsage_penza\disks_product_list.php на строке 22

2019-02-01T07:48:33+00:00 CRITICAL syntax error, unexpected 'array' (T_ARRAY) в D:\OSPanel\domains\forsagewp\wp-content\themes\forsage_penza\disks_product_list.php на строке 22

2019-02-01T07:50:26+00:00 CRITICAL syntax error, unexpected ',' в D:\OSPanel\domains\forsagewp\wp-content\themes\forsage_penza\disks_product_list.php на строке 26

2019-02-01T07:50:43+00:00 CRITICAL syntax error, unexpected ''tax_query'' (T_CONSTANT_ENCAPSED_STRING) в D:\OSPanel\domains\forsagewp\wp-content\themes\forsage_penza\disks_product_list.php на строке 27

2019-02-01T07:53:24+00:00 CRITICAL syntax error, unexpected ';', expecting ')' в D:\OSPanel\domains\forsagewp\wp-content\themes\forsage_penza\disks_product_list.php на строке 79

2019-02-01T07:53:34+00:00 CRITICAL syntax error, unexpected ';', expecting ')' в D:\OSPanel\domains\forsagewp\wp-content\themes\forsage_penza\disks_product_list.php на строке 79

2019-02-01T07:53:41+00:00 CRITICAL Uncaught Error: Call to undefined function pcd1_arr() in D:\OSPanel\domains\forsagewp\wp-content\themes\forsage_penza\disks_product_list.php:79
Stack trace:
#0 D:\OSPanel\domains\forsagewp\wp-includes\template-loader.php(74): include()
#1 D:\OSPanel\domains\forsagewp\wp-blog-header.php(19): require_once('D:\\OSPanel\\doma...')
#2 D:\OSPanel\domains\forsagewp\index.php(17): require('D:\\OSPanel\\doma...')
#3 {main}
  thrown в D:\OSPanel\domains\forsagewp\wp-content\themes\forsage_penza\disks_product_list.php на строке 79

2019-02-01T08:03:06+00:00 CRITICAL syntax error, unexpected '$vylet_diska' (T_VARIABLE) в D:\OSPanel\domains\forsagewp\wp-content\themes\forsage_penza\disks_product_list.php на строке 16

2019-02-01T17:10:50+00:00 CRITICAL syntax error, unexpected 'if' (T_IF) в D:\OSPanel\domains\forsagewp\wp-content\themes\forsage_penza\functions.php на строке 191

2019-02-01T17:11:30+00:00 CRITICAL syntax error, unexpected ')' в D:\OSPanel\domains\forsagewp\wp-content\themes\forsage_penza\functions.php на строке 190

2019-02-01T17:11:50+00:00 CRITICAL syntax error, unexpected 'if' (T_IF), expecting variable (T_VARIABLE) or '{' or '$' в D:\OSPanel\domains\forsagewp\wp-content\themes\forsage_penza\functions.php на строке 192

2019-02-01T17:19:37+00:00 CRITICAL Object of class WP_Term could not be converted to string в D:\OSPanel\domains\forsagewp\wp-content\themes\forsage_penza\functions.php на строке 194

2019-02-01T17:19:43+00:00 CRITICAL Object of class WP_Term could not be converted to string в D:\OSPanel\domains\forsagewp\wp-content\themes\forsage_penza\functions.php на строке 194

2019-02-01T17:32:10+00:00 CRITICAL syntax error, unexpected ''product_cat'' (T_CONSTANT_ENCAPSED_STRING), expecting identifier (T_STRING) or variable (T_VARIABLE) or '{' or '$' в D:\OSPanel\domains\forsagewp\wp-content\themes\forsage_penza\functions.php на строке 190

2019-02-01T17:33:02+00:00 CRITICAL Uncaught Error: Call to undefined function get_product_ID() in D:\OSPanel\domains\forsagewp\wp-content\themes\forsage_penza\functions.php:190
Stack trace:
#0 D:\OSPanel\domains\forsagewp\wp-includes\class-wp-hook.php(286): my_custom_single_product_summary('')
#1 D:\OSPanel\domains\forsagewp\wp-includes\class-wp-hook.php(310): WP_Hook->apply_filters(NULL, Array)
#2 D:\OSPanel\domains\forsagewp\wp-includes\plugin.php(453): WP_Hook->do_action(Array)
#3 D:\OSPanel\domains\forsagewp\wp-content\themes\forsage_penza\woocommerce\content-single-product.php(58): do_action('woocommerce_sin...')
#4 D:\OSPanel\domains\forsagewp\wp-includes\template.php(690): require('D:\\OSPanel\\doma...')
#5 D:\OSPanel\domains\forsagewp\wp-content\plugins\woocommerce\includes\wc-core-functions.php(181): load_template('D:\\OSPanel\\doma...', false)
#6 D:\OSPanel\domains\forsagewp\wp-content\plugins\woocommerce\includes\class-wc-shortcodes.php(561): wc_get_template_part('content', 'single-product')
#7 D:\OSPanel\domains\forsagewp\wp-includ в D:\OSPanel\domains\forsagewp\wp-content\themes\forsage_penza\functions.php на строке 190

2019-02-01T17:33:11+00:00 CRITICAL Uncaught Error: Call to undefined function get_post_ID() in D:\OSPanel\domains\forsagewp\wp-content\themes\forsage_penza\functions.php:190
Stack trace:
#0 D:\OSPanel\domains\forsagewp\wp-includes\class-wp-hook.php(286): my_custom_single_product_summary('')
#1 D:\OSPanel\domains\forsagewp\wp-includes\class-wp-hook.php(310): WP_Hook->apply_filters(NULL, Array)
#2 D:\OSPanel\domains\forsagewp\wp-includes\plugin.php(453): WP_Hook->do_action(Array)
#3 D:\OSPanel\domains\forsagewp\wp-content\themes\forsage_penza\woocommerce\content-single-product.php(58): do_action('woocommerce_sin...')
#4 D:\OSPanel\domains\forsagewp\wp-includes\template.php(690): require('D:\\OSPanel\\doma...')
#5 D:\OSPanel\domains\forsagewp\wp-content\plugins\woocommerce\includes\wc-core-functions.php(181): load_template('D:\\OSPanel\\doma...', false)
#6 D:\OSPanel\domains\forsagewp\wp-content\plugins\woocommerce\includes\class-wc-shortcodes.php(561): wc_get_template_part('content', 'single-product')
#7 D:\OSPanel\domains\forsagewp\wp-includes\ в D:\OSPanel\domains\forsagewp\wp-content\themes\forsage_penza\functions.php на строке 190

2019-02-01T17:33:27+00:00 CRITICAL Uncaught Error: Call to undefined method WC_Product_Simple::get_product_cat() in D:\OSPanel\domains\forsagewp\wp-content\themes\forsage_penza\functions.php:191
Stack trace:
#0 D:\OSPanel\domains\forsagewp\wp-includes\class-wp-hook.php(286): my_custom_single_product_summary('')
#1 D:\OSPanel\domains\forsagewp\wp-includes\class-wp-hook.php(310): WP_Hook->apply_filters(NULL, Array)
#2 D:\OSPanel\domains\forsagewp\wp-includes\plugin.php(453): WP_Hook->do_action(Array)
#3 D:\OSPanel\domains\forsagewp\wp-content\themes\forsage_penza\woocommerce\content-single-product.php(58): do_action('woocommerce_sin...')
#4 D:\OSPanel\domains\forsagewp\wp-includes\template.php(690): require('D:\\OSPanel\\doma...')
#5 D:\OSPanel\domains\forsagewp\wp-content\plugins\woocommerce\includes\wc-core-functions.php(181): load_template('D:\\OSPanel\\doma...', false)
#6 D:\OSPanel\domains\forsagewp\wp-content\plugins\woocommerce\includes\class-wc-shortcodes.php(561): wc_get_template_part('content', 'single-product')
#7 D:\OSPanel\domains\f в D:\OSPanel\domains\forsagewp\wp-content\themes\forsage_penza\functions.php на строке 191

2019-02-01T17:33:40+00:00 CRITICAL Uncaught Error: Call to undefined method WC_Product_Simple::get_product_cat() in D:\OSPanel\domains\forsagewp\wp-content\themes\forsage_penza\functions.php:191
Stack trace:
#0 D:\OSPanel\domains\forsagewp\wp-includes\class-wp-hook.php(286): my_custom_single_product_summary('')
#1 D:\OSPanel\domains\forsagewp\wp-includes\class-wp-hook.php(310): WP_Hook->apply_filters(NULL, Array)
#2 D:\OSPanel\domains\forsagewp\wp-includes\plugin.php(453): WP_Hook->do_action(Array)
#3 D:\OSPanel\domains\forsagewp\wp-content\themes\forsage_penza\woocommerce\content-single-product.php(58): do_action('woocommerce_sin...')
#4 D:\OSPanel\domains\forsagewp\wp-includes\template.php(690): require('D:\\OSPanel\\doma...')
#5 D:\OSPanel\domains\forsagewp\wp-content\plugins\woocommerce\includes\wc-core-functions.php(181): load_template('D:\\OSPanel\\doma...', false)
#6 D:\OSPanel\domains\forsagewp\wp-content\plugins\woocommerce\includes\class-wc-shortcodes.php(561): wc_get_template_part('content', 'single-product')
#7 D:\OSPanel\domains\f в D:\OSPanel\domains\forsagewp\wp-content\themes\forsage_penza\functions.php на строке 191

2019-02-01T17:33:52+00:00 CRITICAL Uncaught Error: Call to undefined method WC_Product_Simple::get_the_cat() in D:\OSPanel\domains\forsagewp\wp-content\themes\forsage_penza\functions.php:191
Stack trace:
#0 D:\OSPanel\domains\forsagewp\wp-includes\class-wp-hook.php(286): my_custom_single_product_summary('')
#1 D:\OSPanel\domains\forsagewp\wp-includes\class-wp-hook.php(310): WP_Hook->apply_filters(NULL, Array)
#2 D:\OSPanel\domains\forsagewp\wp-includes\plugin.php(453): WP_Hook->do_action(Array)
#3 D:\OSPanel\domains\forsagewp\wp-content\themes\forsage_penza\woocommerce\content-single-product.php(58): do_action('woocommerce_sin...')
#4 D:\OSPanel\domains\forsagewp\wp-includes\template.php(690): require('D:\\OSPanel\\doma...')
#5 D:\OSPanel\domains\forsagewp\wp-content\plugins\woocommerce\includes\wc-core-functions.php(181): load_template('D:\\OSPanel\\doma...', false)
#6 D:\OSPanel\domains\forsagewp\wp-content\plugins\woocommerce\includes\class-wc-shortcodes.php(561): wc_get_template_part('content', 'single-product')
#7 D:\OSPanel\domains\forsa в D:\OSPanel\domains\forsagewp\wp-content\themes\forsage_penza\functions.php на строке 191

2019-02-01T17:33:56+00:00 CRITICAL Uncaught Error: Call to undefined method WC_Product_Simple::get__cat() in D:\OSPanel\domains\forsagewp\wp-content\themes\forsage_penza\functions.php:191
Stack trace:
#0 D:\OSPanel\domains\forsagewp\wp-includes\class-wp-hook.php(286): my_custom_single_product_summary('')
#1 D:\OSPanel\domains\forsagewp\wp-includes\class-wp-hook.php(310): WP_Hook->apply_filters(NULL, Array)
#2 D:\OSPanel\domains\forsagewp\wp-includes\plugin.php(453): WP_Hook->do_action(Array)
#3 D:\OSPanel\domains\forsagewp\wp-content\themes\forsage_penza\woocommerce\content-single-product.php(58): do_action('woocommerce_sin...')
#4 D:\OSPanel\domains\forsagewp\wp-includes\template.php(690): require('D:\\OSPanel\\doma...')
#5 D:\OSPanel\domains\forsagewp\wp-content\plugins\woocommerce\includes\wc-core-functions.php(181): load_template('D:\\OSPanel\\doma...', false)
#6 D:\OSPanel\domains\forsagewp\wp-content\plugins\woocommerce\includes\class-wc-shortcodes.php(561): wc_get_template_part('content', 'single-product')
#7 D:\OSPanel\domains\forsagew в D:\OSPanel\domains\forsagewp\wp-content\themes\forsage_penza\functions.php на строке 191

2019-02-01T17:34:03+00:00 CRITICAL Uncaught Error: Call to undefined method WC_Product_Simple::get_category() in D:\OSPanel\domains\forsagewp\wp-content\themes\forsage_penza\functions.php:191
Stack trace:
#0 D:\OSPanel\domains\forsagewp\wp-includes\class-wp-hook.php(286): my_custom_single_product_summary('')
#1 D:\OSPanel\domains\forsagewp\wp-includes\class-wp-hook.php(310): WP_Hook->apply_filters(NULL, Array)
#2 D:\OSPanel\domains\forsagewp\wp-includes\plugin.php(453): WP_Hook->do_action(Array)
#3 D:\OSPanel\domains\forsagewp\wp-content\themes\forsage_penza\woocommerce\content-single-product.php(58): do_action('woocommerce_sin...')
#4 D:\OSPanel\domains\forsagewp\wp-includes\template.php(690): require('D:\\OSPanel\\doma...')
#5 D:\OSPanel\domains\forsagewp\wp-content\plugins\woocommerce\includes\wc-core-functions.php(181): load_template('D:\\OSPanel\\doma...', false)
#6 D:\OSPanel\domains\forsagewp\wp-content\plugins\woocommerce\includes\class-wc-shortcodes.php(561): wc_get_template_part('content', 'single-product')
#7 D:\OSPanel\domains\fors в D:\OSPanel\domains\forsagewp\wp-content\themes\forsage_penza\functions.php на строке 191

2019-02-01T17:34:06+00:00 CRITICAL Uncaught Error: Call to undefined method WC_Product_Simple::get_category() in D:\OSPanel\domains\forsagewp\wp-content\themes\forsage_penza\functions.php:191
Stack trace:
#0 D:\OSPanel\domains\forsagewp\wp-includes\class-wp-hook.php(286): my_custom_single_product_summary('')
#1 D:\OSPanel\domains\forsagewp\wp-includes\class-wp-hook.php(310): WP_Hook->apply_filters(NULL, Array)
#2 D:\OSPanel\domains\forsagewp\wp-includes\plugin.php(453): WP_Hook->do_action(Array)
#3 D:\OSPanel\domains\forsagewp\wp-content\themes\forsage_penza\woocommerce\content-single-product.php(58): do_action('woocommerce_sin...')
#4 D:\OSPanel\domains\forsagewp\wp-includes\template.php(690): require('D:\\OSPanel\\doma...')
#5 D:\OSPanel\domains\forsagewp\wp-content\plugins\woocommerce\includes\wc-core-functions.php(181): load_template('D:\\OSPanel\\doma...', false)
#6 D:\OSPanel\domains\forsagewp\wp-content\plugins\woocommerce\includes\class-wc-shortcodes.php(561): wc_get_template_part('content', 'single-product')
#7 D:\OSPanel\domains\fors в D:\OSPanel\domains\forsagewp\wp-content\themes\forsage_penza\functions.php на строке 191

2019-02-01T17:34:11+00:00 CRITICAL Uncaught Error: Call to undefined method WC_Product_Simple::get_category() in D:\OSPanel\domains\forsagewp\wp-content\themes\forsage_penza\functions.php:191
Stack trace:
#0 D:\OSPanel\domains\forsagewp\wp-includes\class-wp-hook.php(286): my_custom_single_product_summary('')
#1 D:\OSPanel\domains\forsagewp\wp-includes\class-wp-hook.php(310): WP_Hook->apply_filters(NULL, Array)
#2 D:\OSPanel\domains\forsagewp\wp-includes\plugin.php(453): WP_Hook->do_action(Array)
#3 D:\OSPanel\domains\forsagewp\wp-content\themes\forsage_penza\woocommerce\content-single-product.php(58): do_action('woocommerce_sin...')
#4 D:\OSPanel\domains\forsagewp\wp-includes\template.php(690): require('D:\\OSPanel\\doma...')
#5 D:\OSPanel\domains\forsagewp\wp-content\plugins\woocommerce\includes\wc-core-functions.php(181): load_template('D:\\OSPanel\\doma...', false)
#6 D:\OSPanel\domains\forsagewp\wp-content\plugins\woocommerce\includes\class-wc-shortcodes.php(561): wc_get_template_part('content', 'single-product')
#7 D:\OSPanel\domains\fors в D:\OSPanel\domains\forsagewp\wp-content\themes\forsage_penza\functions.php на строке 191

2019-02-01T17:34:16+00:00 CRITICAL Uncaught Error: Call to undefined method WC_Product_Simple::get_category_name() in D:\OSPanel\domains\forsagewp\wp-content\themes\forsage_penza\functions.php:191
Stack trace:
#0 D:\OSPanel\domains\forsagewp\wp-includes\class-wp-hook.php(286): my_custom_single_product_summary('')
#1 D:\OSPanel\domains\forsagewp\wp-includes\class-wp-hook.php(310): WP_Hook->apply_filters(NULL, Array)
#2 D:\OSPanel\domains\forsagewp\wp-includes\plugin.php(453): WP_Hook->do_action(Array)
#3 D:\OSPanel\domains\forsagewp\wp-content\themes\forsage_penza\woocommerce\content-single-product.php(58): do_action('woocommerce_sin...')
#4 D:\OSPanel\domains\forsagewp\wp-includes\template.php(690): require('D:\\OSPanel\\doma...')
#5 D:\OSPanel\domains\forsagewp\wp-content\plugins\woocommerce\includes\wc-core-functions.php(181): load_template('D:\\OSPanel\\doma...', false)
#6 D:\OSPanel\domains\forsagewp\wp-content\plugins\woocommerce\includes\class-wc-shortcodes.php(561): wc_get_template_part('content', 'single-product')
#7 D:\OSPanel\domains в D:\OSPanel\domains\forsagewp\wp-content\themes\forsage_penza\functions.php на строке 191

2019-02-01T17:35:49+00:00 CRITICAL syntax error, unexpected '$list' (T_VARIABLE), expecting ',' or ')' в D:\OSPanel\domains\forsagewp\wp-content\themes\forsage_penza\functions.php на строке 192

2019-02-01T17:35:50+00:00 CRITICAL syntax error, unexpected '$list' (T_VARIABLE), expecting ',' or ')' в D:\OSPanel\domains\forsagewp\wp-content\themes\forsage_penza\functions.php на строке 192

2019-02-01T17:35:56+00:00 CRITICAL syntax error, unexpected '$list' (T_VARIABLE), expecting ',' or ')' в D:\OSPanel\domains\forsagewp\wp-content\themes\forsage_penza\functions.php на строке 192

2019-02-01T17:36:32+00:00 CRITICAL syntax error, unexpected '$list' (T_VARIABLE), expecting ',' or ')' в D:\OSPanel\domains\forsagewp\wp-content\themes\forsage_penza\functions.php на строке 192

2019-02-01T17:37:38+00:00 CRITICAL syntax error, unexpected '$cat' (T_VARIABLE) в D:\OSPanel\domains\forsagewp\wp-content\themes\forsage_penza\functions.php на строке 192

2019-02-01T17:37:39+00:00 CRITICAL syntax error, unexpected '$cat' (T_VARIABLE) в D:\OSPanel\domains\forsagewp\wp-content\themes\forsage_penza\functions.php на строке 192

2019-02-01T18:03:27+00:00 CRITICAL Uncaught Error: Call to undefined method WC_Product_Simple::get_category_name() in D:\OSPanel\domains\forsagewp\wp-content\themes\forsage_penza\functions.php:191
Stack trace:
#0 D:\OSPanel\domains\forsagewp\wp-includes\class-wp-hook.php(286): my_custom_single_product_summary('')
#1 D:\OSPanel\domains\forsagewp\wp-includes\class-wp-hook.php(310): WP_Hook->apply_filters(NULL, Array)
#2 D:\OSPanel\domains\forsagewp\wp-includes\plugin.php(453): WP_Hook->do_action(Array)
#3 D:\OSPanel\domains\forsagewp\wp-content\themes\forsage_penza\woocommerce\content-single-product.php(58): do_action('woocommerce_sin...')
#4 D:\OSPanel\domains\forsagewp\wp-includes\template.php(690): require('D:\\OSPanel\\doma...')
#5 D:\OSPanel\domains\forsagewp\wp-content\plugins\woocommerce\includes\wc-core-functions.php(181): load_template('D:\\OSPanel\\doma...', false)
#6 D:\OSPanel\domains\forsagewp\wp-content\plugins\woocommerce\includes\class-wc-shortcodes.php(561): wc_get_template_part('content', 'single-product')
#7 D:\OSPanel\domains в D:\OSPanel\domains\forsagewp\wp-content\themes\forsage_penza\functions.php на строке 191

2019-02-01T18:03:40+00:00 CRITICAL Uncaught Error: Call to undefined method WC_Product_Simple::get_category_name() in D:\OSPanel\domains\forsagewp\wp-content\themes\forsage_penza\functions.php:191
Stack trace:
#0 D:\OSPanel\domains\forsagewp\wp-includes\class-wp-hook.php(286): my_custom_single_product_summary('')
#1 D:\OSPanel\domains\forsagewp\wp-includes\class-wp-hook.php(310): WP_Hook->apply_filters(NULL, Array)
#2 D:\OSPanel\domains\forsagewp\wp-includes\plugin.php(453): WP_Hook->do_action(Array)
#3 D:\OSPanel\domains\forsagewp\wp-content\themes\forsage_penza\woocommerce\content-single-product.php(58): do_action('woocommerce_sin...')
#4 D:\OSPanel\domains\forsagewp\wp-includes\template.php(690): require('D:\\OSPanel\\doma...')
#5 D:\OSPanel\domains\forsagewp\wp-content\plugins\woocommerce\includes\wc-core-functions.php(181): load_template('D:\\OSPanel\\doma...', false)
#6 D:\OSPanel\domains\forsagewp\wp-content\plugins\woocommerce\includes\class-wc-shortcodes.php(561): wc_get_template_part('content', 'single-product')
#7 D:\OSPanel\domains в D:\OSPanel\domains\forsagewp\wp-content\themes\forsage_penza\functions.php на строке 191

2019-02-01T18:04:16+00:00 CRITICAL Uncaught Error: Call to undefined method WC_Product_Simple::get_category_name() in D:\OSPanel\domains\forsagewp\wp-content\themes\forsage_penza\functions.php:191
Stack trace:
#0 D:\OSPanel\domains\forsagewp\wp-includes\class-wp-hook.php(286): my_custom_single_product_summary('')
#1 D:\OSPanel\domains\forsagewp\wp-includes\class-wp-hook.php(310): WP_Hook->apply_filters(NULL, Array)
#2 D:\OSPanel\domains\forsagewp\wp-includes\plugin.php(453): WP_Hook->do_action(Array)
#3 D:\OSPanel\domains\forsagewp\wp-content\themes\forsage_penza\woocommerce\content-single-product.php(58): do_action('woocommerce_sin...')
#4 D:\OSPanel\domains\forsagewp\wp-includes\template.php(690): require('D:\\OSPanel\\doma...')
#5 D:\OSPanel\domains\forsagewp\wp-content\plugins\woocommerce\includes\wc-core-functions.php(181): load_template('D:\\OSPanel\\doma...', false)
#6 D:\OSPanel\domains\forsagewp\wp-content\plugins\woocommerce\includes\class-wc-shortcodes.php(561): wc_get_template_part('content', 'single-product')
#7 D:\OSPanel\domains в D:\OSPanel\domains\forsagewp\wp-content\themes\forsage_penza\functions.php на строке 191

