2018-12-25T09:21:36+00:00 CRITICAL syntax error, unexpected 'echo' (T_ECHO), expecting ',' or ';' в C:\Users\alexe\Downloads\OSPanel\domains\forsagewp\wp-content\themes\forsage_penza\functions.php на строке 183

2018-12-25T09:23:16+00:00 CRITICAL syntax error, unexpected 'echo' (T_ECHO), expecting ',' or ';' в C:\Users\alexe\Downloads\OSPanel\domains\forsagewp\wp-content\themes\forsage_penza\functions.php на строке 183

2018-12-25T09:23:22+00:00 CRITICAL syntax error, unexpected 'echo' (T_ECHO), expecting ',' or ';' в C:\Users\alexe\Downloads\OSPanel\domains\forsagewp\wp-content\themes\forsage_penza\functions.php на строке 183

2018-12-25T09:23:35+00:00 CRITICAL syntax error, unexpected 'echo' (T_ECHO), expecting ',' or ';' в C:\Users\alexe\Downloads\OSPanel\domains\forsagewp\wp-content\themes\forsage_penza\functions.php на строке 183

2018-12-25T09:23:48+00:00 CRITICAL Uncaught Error: Call to a member function get_price() on null in C:\Users\alexe\Downloads\OSPanel\domains\forsagewp\wp-content\themes\forsage_penza\functions.php:183
Stack trace:
#0 C:\Users\alexe\Downloads\OSPanel\domains\forsagewp\wp-includes\class-wp-hook.php(286): my_custom_single_product_summary('')
#1 C:\Users\alexe\Downloads\OSPanel\domains\forsagewp\wp-includes\class-wp-hook.php(310): WP_Hook->apply_filters(NULL, Array)
#2 C:\Users\alexe\Downloads\OSPanel\domains\forsagewp\wp-includes\plugin.php(453): WP_Hook->do_action(Array)
#3 C:\Users\alexe\Downloads\OSPanel\domains\forsagewp\wp-content\plugins\woocommerce\templates\content-single-product.php(58): do_action('woocommerce_sin...')
#4 C:\Users\alexe\Downloads\OSPanel\domains\forsagewp\wp-includes\template.php(690): require('C:\\Users\\alexe\\...')
#5 C:\Users\alexe\Downloads\OSPanel\domains\forsagewp\wp-content\plugins\woocommerce\includes\wc-core-functions.php(178): load_template('C:\\Users\\alexe\\...', false)
#6 C:\Users\alexe\Downloads\OSPanel\do в C:\Users\alexe\Downloads\OSPanel\domains\forsagewp\wp-content\themes\forsage_penza\functions.php на строке 183

2018-12-25T09:23:59+00:00 CRITICAL Uncaught Error: Call to a member function get_price_html() on null in C:\Users\alexe\Downloads\OSPanel\domains\forsagewp\wp-content\themes\forsage_penza\functions.php:183
Stack trace:
#0 C:\Users\alexe\Downloads\OSPanel\domains\forsagewp\wp-includes\class-wp-hook.php(286): my_custom_single_product_summary('')
#1 C:\Users\alexe\Downloads\OSPanel\domains\forsagewp\wp-includes\class-wp-hook.php(310): WP_Hook->apply_filters(NULL, Array)
#2 C:\Users\alexe\Downloads\OSPanel\domains\forsagewp\wp-includes\plugin.php(453): WP_Hook->do_action(Array)
#3 C:\Users\alexe\Downloads\OSPanel\domains\forsagewp\wp-content\plugins\woocommerce\templates\content-single-product.php(58): do_action('woocommerce_sin...')
#4 C:\Users\alexe\Downloads\OSPanel\domains\forsagewp\wp-includes\template.php(690): require('C:\\Users\\alexe\\...')
#5 C:\Users\alexe\Downloads\OSPanel\domains\forsagewp\wp-content\plugins\woocommerce\includes\wc-core-functions.php(178): load_template('C:\\Users\\alexe\\...', false)
#6 C:\Users\alexe\Downloads\OSPan в C:\Users\alexe\Downloads\OSPanel\domains\forsagewp\wp-content\themes\forsage_penza\functions.php на строке 183

2018-12-25T09:24:37+00:00 CRITICAL Uncaught Error: Call to a member function get_price_html() on null in C:\Users\alexe\Downloads\OSPanel\domains\forsagewp\wp-content\themes\forsage_penza\functions.php:183
Stack trace:
#0 C:\Users\alexe\Downloads\OSPanel\domains\forsagewp\wp-includes\class-wp-hook.php(286): my_custom_single_product_summary('')
#1 C:\Users\alexe\Downloads\OSPanel\domains\forsagewp\wp-includes\class-wp-hook.php(310): WP_Hook->apply_filters(NULL, Array)
#2 C:\Users\alexe\Downloads\OSPanel\domains\forsagewp\wp-includes\plugin.php(453): WP_Hook->do_action(Array)
#3 C:\Users\alexe\Downloads\OSPanel\domains\forsagewp\wp-content\plugins\woocommerce\templates\content-single-product.php(58): do_action('woocommerce_sin...')
#4 C:\Users\alexe\Downloads\OSPanel\domains\forsagewp\wp-includes\template.php(690): require('C:\\Users\\alexe\\...')
#5 C:\Users\alexe\Downloads\OSPanel\domains\forsagewp\wp-content\plugins\woocommerce\includes\wc-core-functions.php(178): load_template('C:\\Users\\alexe\\...', false)
#6 C:\Users\alexe\Downloads\OSPan в C:\Users\alexe\Downloads\OSPanel\domains\forsagewp\wp-content\themes\forsage_penza\functions.php на строке 183

2018-12-25T09:36:31+00:00 CRITICAL syntax error, unexpected 'if' (T_IF) в C:\Users\alexe\Downloads\OSPanel\domains\forsagewp\wp-content\themes\forsage_penza\functions.php на строке 181

2018-12-25T09:36:33+00:00 CRITICAL syntax error, unexpected 'if' (T_IF) в C:\Users\alexe\Downloads\OSPanel\domains\forsagewp\wp-content\themes\forsage_penza\functions.php на строке 181

2018-12-25T09:36:59+00:00 CRITICAL syntax error, unexpected 'if' (T_IF) в C:\Users\alexe\Downloads\OSPanel\domains\forsagewp\wp-content\themes\forsage_penza\functions.php на строке 181

2018-12-25T09:37:21+00:00 CRITICAL syntax error, unexpected 'if' (T_IF) в C:\Users\alexe\Downloads\OSPanel\domains\forsagewp\wp-content\themes\forsage_penza\functions.php на строке 181

2018-12-25T09:37:34+00:00 CRITICAL syntax error, unexpected '}', expecting end of file в C:\Users\alexe\Downloads\OSPanel\domains\forsagewp\wp-content\themes\forsage_penza\functions.php на строке 189

2018-12-25T09:43:51+00:00 CRITICAL syntax error, unexpected '$list' (T_VARIABLE), expecting ',' or ')' в C:\Users\alexe\Downloads\OSPanel\domains\forsagewp\wp-content\themes\forsage_penza\functions.php на строке 182

2018-12-25T09:44:16+00:00 CRITICAL syntax error, unexpected '$list' (T_VARIABLE), expecting ',' or ')' в C:\Users\alexe\Downloads\OSPanel\domains\forsagewp\wp-content\themes\forsage_penza\functions.php на строке 182

2018-12-25T09:44:21+00:00 CRITICAL syntax error, unexpected '$list' (T_VARIABLE), expecting ',' or ')' в C:\Users\alexe\Downloads\OSPanel\domains\forsagewp\wp-content\themes\forsage_penza\functions.php на строке 182

