2018-12-14T13:54:40+00:00 CRITICAL syntax error, unexpected end of file в D:\OSPanel\domains\forsagewp\wp-content\themes\forsage_penza\functions.php на строке 162

2018-12-14T13:54:55+00:00 CRITICAL syntax error, unexpected end of file в D:\OSPanel\domains\forsagewp\wp-content\themes\forsage_penza\functions.php на строке 162

2018-12-14T13:56:21+00:00 CRITICAL syntax error, unexpected '}', expecting ';' в D:\OSPanel\domains\forsagewp\wp-content\themes\forsage_penza\functions.php на строке 168

2018-12-14T13:56:23+00:00 CRITICAL syntax error, unexpected '}', expecting ';' в D:\OSPanel\domains\forsagewp\wp-content\themes\forsage_penza\functions.php на строке 168

2018-12-14T13:57:44+00:00 CRITICAL syntax error, unexpected 'echo' (T_ECHO), expecting ';' в D:\OSPanel\domains\forsagewp\wp-content\themes\forsage_penza\functions.php на строке 166

2018-12-14T13:58:35+00:00 CRITICAL syntax error, unexpected 'do_action' (T_STRING), expecting ',' or ';' в D:\OSPanel\domains\forsagewp\wp-content\plugins\woocommerce\templates\content-product.php на строке 58

2018-12-14T13:58:35+00:00 CRITICAL syntax error, unexpected 'do_action' (T_STRING), expecting ',' or ';' в D:\OSPanel\domains\forsagewp\wp-content\plugins\woocommerce\templates\content-product.php на строке 58

2018-12-14T14:16:35+00:00 CRITICAL syntax error, unexpected '$', expecting variable (T_VARIABLE) в D:\OSPanel\domains\forsagewp\wp-content\themes\forsage_penza\functions.php на строке 164

2018-12-14T14:16:37+00:00 CRITICAL syntax error, unexpected '$', expecting variable (T_VARIABLE) в D:\OSPanel\domains\forsagewp\wp-content\themes\forsage_penza\functions.php на строке 164

2018-12-14T14:18:36+00:00 CRITICAL syntax error, unexpected 'return' (T_RETURN) в D:\OSPanel\domains\forsagewp\wp-content\themes\forsage_penza\functions.php на строке 168

2018-12-14T14:18:37+00:00 CRITICAL syntax error, unexpected 'return' (T_RETURN) в D:\OSPanel\domains\forsagewp\wp-content\themes\forsage_penza\functions.php на строке 168

2018-12-14T14:18:38+00:00 CRITICAL syntax error, unexpected 'return' (T_RETURN) в D:\OSPanel\domains\forsagewp\wp-content\themes\forsage_penza\functions.php на строке 168

2018-12-14T14:26:41+00:00 CRITICAL syntax error, unexpected '$link' (T_VARIABLE) в D:\OSPanel\domains\forsagewp\wp-content\themes\forsage_penza\functions.php на строке 168

2018-12-14T14:26:48+00:00 CRITICAL syntax error, unexpected '$link' (T_VARIABLE) в D:\OSPanel\domains\forsagewp\wp-content\themes\forsage_penza\functions.php на строке 168

2018-12-14T14:29:01+00:00 CRITICAL Uncaught ArgumentCountError: Too few arguments to function get_post_meta(), 0 passed in D:\OSPanel\domains\forsagewp\wp-content\plugins\woocommerce\templates\content-product.php on line 50 and at least 1 expected in D:\OSPanel\domains\forsagewp\wp-includes\post.php:1836
Stack trace:
#0 D:\OSPanel\domains\forsagewp\wp-content\plugins\woocommerce\templates\content-product.php(50): get_post_meta()
#1 D:\OSPanel\domains\forsagewp\wp-includes\template.php(690): require('D:\\OSPanel\\doma...')
#2 D:\OSPanel\domains\forsagewp\wp-content\plugins\woocommerce\includes\wc-core-functions.php(178): load_template('D:\\OSPanel\\doma...', false)
#3 D:\OSPanel\domains\forsagewp\wp-content\plugins\woocommerce\includes\shortcodes\class-wc-shortcode-products.php(643): wc_get_template_part('content', 'product')
#4 D:\OSPanel\domains\forsagewp\wp-content\plugins\woocommerce\includes\shortcodes\class-wc-shortcode-products.php(100): WC_Shortcode_Products->product_loop()
#5 D:\OSPanel\domains\forsagewp\wp-content\plugins\woocommerce\ в D:\OSPanel\domains\forsagewp\wp-includes\post.php на строке 1836

2018-12-14T14:38:08+00:00 CRITICAL syntax error, unexpected 'add_action' (T_STRING) в D:\OSPanel\domains\forsagewp\wp-content\themes\forsage_penza\functions.php на строке 165

2018-12-14T14:38:40+00:00 CRITICAL syntax error, unexpected '}' в D:\OSPanel\domains\forsagewp\wp-content\themes\forsage_penza\functions.php на строке 168

2018-12-14T14:38:49+00:00 CRITICAL Uncaught Error: Call to a member function get_attribute() on null in D:\OSPanel\domains\forsagewp\wp-content\themes\forsage_penza\functions.php:165
Stack trace:
#0 D:\OSPanel\domains\forsagewp\wp-includes\class-wp-hook.php(286): custom_goods_bottom('')
#1 D:\OSPanel\domains\forsagewp\wp-includes\class-wp-hook.php(310): WP_Hook->apply_filters(NULL, Array)
#2 D:\OSPanel\domains\forsagewp\wp-includes\plugin.php(453): WP_Hook->do_action(Array)
#3 D:\OSPanel\domains\forsagewp\wp-content\plugins\woocommerce\templates\content-product.php(42): do_action('woocommerce_bef...')
#4 D:\OSPanel\domains\forsagewp\wp-includes\template.php(690): require('D:\\OSPanel\\doma...')
#5 D:\OSPanel\domains\forsagewp\wp-content\plugins\woocommerce\includes\wc-core-functions.php(178): load_template('D:\\OSPanel\\doma...', false)
#6 D:\OSPanel\domains\forsagewp\wp-content\plugins\woocommerce\includes\shortcodes\class-wc-shortcode-products.php(643): wc_get_template_part('content', 'product')
#7 D:\OSPanel\domains\forsagewp\wp-content\plu в D:\OSPanel\domains\forsagewp\wp-content\themes\forsage_penza\functions.php на строке 165

2018-12-14T14:39:06+00:00 CRITICAL Uncaught Error: Call to a member function get_attribute() on string in D:\OSPanel\domains\forsagewp\wp-content\themes\forsage_penza\functions.php:165
Stack trace:
#0 D:\OSPanel\domains\forsagewp\wp-includes\class-wp-hook.php(286): custom_goods_bottom('')
#1 D:\OSPanel\domains\forsagewp\wp-includes\class-wp-hook.php(310): WP_Hook->apply_filters(NULL, Array)
#2 D:\OSPanel\domains\forsagewp\wp-includes\plugin.php(453): WP_Hook->do_action(Array)
#3 D:\OSPanel\domains\forsagewp\wp-content\plugins\woocommerce\templates\content-product.php(42): do_action('woocommerce_bef...')
#4 D:\OSPanel\domains\forsagewp\wp-includes\template.php(690): require('D:\\OSPanel\\doma...')
#5 D:\OSPanel\domains\forsagewp\wp-content\plugins\woocommerce\includes\wc-core-functions.php(178): load_template('D:\\OSPanel\\doma...', false)
#6 D:\OSPanel\domains\forsagewp\wp-content\plugins\woocommerce\includes\shortcodes\class-wc-shortcode-products.php(643): wc_get_template_part('content', 'product')
#7 D:\OSPanel\domains\forsagewp\wp-content\p в D:\OSPanel\domains\forsagewp\wp-content\themes\forsage_penza\functions.php на строке 165

2018-12-14T14:39:08+00:00 CRITICAL Uncaught Error: Call to a member function get_attribute() on string in D:\OSPanel\domains\forsagewp\wp-content\themes\forsage_penza\functions.php:165
Stack trace:
#0 D:\OSPanel\domains\forsagewp\wp-includes\class-wp-hook.php(286): custom_goods_bottom('')
#1 D:\OSPanel\domains\forsagewp\wp-includes\class-wp-hook.php(310): WP_Hook->apply_filters(NULL, Array)
#2 D:\OSPanel\domains\forsagewp\wp-includes\plugin.php(453): WP_Hook->do_action(Array)
#3 D:\OSPanel\domains\forsagewp\wp-content\plugins\woocommerce\templates\content-product.php(42): do_action('woocommerce_bef...')
#4 D:\OSPanel\domains\forsagewp\wp-includes\template.php(690): require('D:\\OSPanel\\doma...')
#5 D:\OSPanel\domains\forsagewp\wp-content\plugins\woocommerce\includes\wc-core-functions.php(178): load_template('D:\\OSPanel\\doma...', false)
#6 D:\OSPanel\domains\forsagewp\wp-content\plugins\woocommerce\includes\shortcodes\class-wc-shortcode-products.php(643): wc_get_template_part('content', 'product')
#7 D:\OSPanel\domains\forsagewp\wp-content\p в D:\OSPanel\domains\forsagewp\wp-content\themes\forsage_penza\functions.php на строке 165

2018-12-14T14:39:45+00:00 CRITICAL Uncaught Error: Call to a member function get_attribute() on string in D:\OSPanel\domains\forsagewp\wp-content\themes\forsage_penza\functions.php:165
Stack trace:
#0 D:\OSPanel\domains\forsagewp\wp-includes\class-wp-hook.php(286): custom_goods_bottom('')
#1 D:\OSPanel\domains\forsagewp\wp-includes\class-wp-hook.php(310): WP_Hook->apply_filters(NULL, Array)
#2 D:\OSPanel\domains\forsagewp\wp-includes\plugin.php(453): WP_Hook->do_action(Array)
#3 D:\OSPanel\domains\forsagewp\wp-content\plugins\woocommerce\templates\content-product.php(42): do_action('woocommerce_bef...')
#4 D:\OSPanel\domains\forsagewp\wp-includes\template.php(690): require('D:\\OSPanel\\doma...')
#5 D:\OSPanel\domains\forsagewp\wp-content\plugins\woocommerce\includes\wc-core-functions.php(178): load_template('D:\\OSPanel\\doma...', false)
#6 D:\OSPanel\domains\forsagewp\wp-content\plugins\woocommerce\includes\shortcodes\class-wc-shortcode-products.php(643): wc_get_template_part('content', 'product')
#7 D:\OSPanel\domains\forsagewp\wp-content\p в D:\OSPanel\domains\forsagewp\wp-content\themes\forsage_penza\functions.php на строке 165

2018-12-14T14:39:48+00:00 CRITICAL Uncaught Error: Call to a member function get_attribute() on string in D:\OSPanel\domains\forsagewp\wp-content\themes\forsage_penza\functions.php:165
Stack trace:
#0 D:\OSPanel\domains\forsagewp\wp-includes\class-wp-hook.php(286): custom_goods_bottom('')
#1 D:\OSPanel\domains\forsagewp\wp-includes\class-wp-hook.php(310): WP_Hook->apply_filters(NULL, Array)
#2 D:\OSPanel\domains\forsagewp\wp-includes\plugin.php(453): WP_Hook->do_action(Array)
#3 D:\OSPanel\domains\forsagewp\wp-content\plugins\woocommerce\templates\content-product.php(42): do_action('woocommerce_bef...')
#4 D:\OSPanel\domains\forsagewp\wp-includes\template.php(690): require('D:\\OSPanel\\doma...')
#5 D:\OSPanel\domains\forsagewp\wp-content\plugins\woocommerce\includes\wc-core-functions.php(178): load_template('D:\\OSPanel\\doma...', false)
#6 D:\OSPanel\domains\forsagewp\wp-content\plugins\woocommerce\includes\shortcodes\class-wc-shortcode-products.php(643): wc_get_template_part('content', 'product')
#7 D:\OSPanel\domains\forsagewp\wp-content\p в D:\OSPanel\domains\forsagewp\wp-content\themes\forsage_penza\functions.php на строке 165

2018-12-14T14:40:04+00:00 CRITICAL Uncaught Error: Call to a member function get_attribute() on string in D:\OSPanel\domains\forsagewp\wp-content\themes\forsage_penza\functions.php:165
Stack trace:
#0 D:\OSPanel\domains\forsagewp\wp-includes\class-wp-hook.php(286): custom_goods_bottom('')
#1 D:\OSPanel\domains\forsagewp\wp-includes\class-wp-hook.php(310): WP_Hook->apply_filters(NULL, Array)
#2 D:\OSPanel\domains\forsagewp\wp-includes\plugin.php(453): WP_Hook->do_action(Array)
#3 D:\OSPanel\domains\forsagewp\wp-content\plugins\woocommerce\templates\content-product.php(42): do_action('woocommerce_bef...')
#4 D:\OSPanel\domains\forsagewp\wp-includes\template.php(690): require('D:\\OSPanel\\doma...')
#5 D:\OSPanel\domains\forsagewp\wp-content\plugins\woocommerce\includes\wc-core-functions.php(178): load_template('D:\\OSPanel\\doma...', false)
#6 D:\OSPanel\domains\forsagewp\wp-content\plugins\woocommerce\includes\shortcodes\class-wc-shortcode-products.php(643): wc_get_template_part('content', 'product')
#7 D:\OSPanel\domains\forsagewp\wp-content\p в D:\OSPanel\domains\forsagewp\wp-content\themes\forsage_penza\functions.php на строке 165

2018-12-14T14:40:41+00:00 CRITICAL Uncaught Error: Call to a member function get_attribute() on string in D:\OSPanel\domains\forsagewp\wp-content\themes\forsage_penza\functions.php:165
Stack trace:
#0 D:\OSPanel\domains\forsagewp\wp-includes\class-wp-hook.php(286): custom_goods_bottom('')
#1 D:\OSPanel\domains\forsagewp\wp-includes\class-wp-hook.php(310): WP_Hook->apply_filters(NULL, Array)
#2 D:\OSPanel\domains\forsagewp\wp-includes\plugin.php(453): WP_Hook->do_action(Array)
#3 D:\OSPanel\domains\forsagewp\wp-content\plugins\woocommerce\templates\content-product.php(47): do_action('woocommerce_bef...')
#4 D:\OSPanel\domains\forsagewp\wp-includes\template.php(690): require('D:\\OSPanel\\doma...')
#5 D:\OSPanel\domains\forsagewp\wp-content\plugins\woocommerce\includes\wc-core-functions.php(178): load_template('D:\\OSPanel\\doma...', false)
#6 D:\OSPanel\domains\forsagewp\wp-content\plugins\woocommerce\includes\shortcodes\class-wc-shortcode-products.php(643): wc_get_template_part('content', 'product')
#7 D:\OSPanel\domains\forsagewp\wp-content\p в D:\OSPanel\domains\forsagewp\wp-content\themes\forsage_penza\functions.php на строке 165

2018-12-14T14:42:10+00:00 CRITICAL syntax error, unexpected 'add_action' (T_STRING) в D:\OSPanel\domains\forsagewp\wp-content\themes\forsage_penza\functions.php на строке 164

2018-12-14T14:43:50+00:00 CRITICAL Uncaught Error: Call to a member function get_attribute() on null in D:\OSPanel\domains\forsagewp\wp-content\themes\forsage_penza\functions.php:164
Stack trace:
#0 D:\OSPanel\domains\forsagewp\wp-includes\class-wp-hook.php(286): my_custom_good_bottom('')
#1 D:\OSPanel\domains\forsagewp\wp-includes\class-wp-hook.php(310): WP_Hook->apply_filters(NULL, Array)
#2 D:\OSPanel\domains\forsagewp\wp-includes\plugin.php(453): WP_Hook->do_action(Array)
#3 D:\OSPanel\domains\forsagewp\wp-content\plugins\woocommerce\templates\content-product.php(58): do_action('woocommerce_aft...')
#4 D:\OSPanel\domains\forsagewp\wp-includes\template.php(690): require('D:\\OSPanel\\doma...')
#5 D:\OSPanel\domains\forsagewp\wp-content\plugins\woocommerce\includes\wc-core-functions.php(178): load_template('D:\\OSPanel\\doma...', false)
#6 D:\OSPanel\domains\forsagewp\wp-content\plugins\woocommerce\includes\shortcodes\class-wc-shortcode-products.php(643): wc_get_template_part('content', 'product')
#7 D:\OSPanel\domains\forsagewp\wp-content\p в D:\OSPanel\domains\forsagewp\wp-content\themes\forsage_penza\functions.php на строке 164

2018-12-14T14:44:51+00:00 CRITICAL Uncaught Error: Call to undefined function my_sold_out_loop() in D:\OSPanel\domains\forsagewp\wp-content\themes\forsage_penza\functions.php:167
Stack trace:
#0 D:\OSPanel\domains\forsagewp\wp-includes\class-wp-hook.php(286): my_custom_good_bottom('')
#1 D:\OSPanel\domains\forsagewp\wp-includes\class-wp-hook.php(310): WP_Hook->apply_filters(NULL, Array)
#2 D:\OSPanel\domains\forsagewp\wp-includes\plugin.php(453): WP_Hook->do_action(Array)
#3 D:\OSPanel\domains\forsagewp\wp-content\plugins\woocommerce\templates\content-product.php(55): do_action('woocommerce_aft...')
#4 D:\OSPanel\domains\forsagewp\wp-includes\template.php(690): require('D:\\OSPanel\\doma...')
#5 D:\OSPanel\domains\forsagewp\wp-content\plugins\woocommerce\includes\wc-core-functions.php(178): load_template('D:\\OSPanel\\doma...', false)
#6 D:\OSPanel\domains\forsagewp\wp-content\plugins\woocommerce\includes\shortcodes\class-wc-shortcode-products.php(643): wc_get_template_part('content', 'product')
#7 D:\OSPanel\domains\forsagewp\wp-content\plugi в D:\OSPanel\domains\forsagewp\wp-content\themes\forsage_penza\functions.php на строке 167

2018-12-14T14:46:51+00:00 CRITICAL syntax error, unexpected ';' в D:\OSPanel\domains\forsagewp\wp-content\themes\forsage_penza\functions.php на строке 174

2018-12-14T14:47:24+00:00 CRITICAL syntax error, unexpected 'echo' (T_ECHO) в D:\OSPanel\domains\forsagewp\wp-content\themes\forsage_penza\functions.php на строке 168

2018-12-14T14:47:36+00:00 CRITICAL syntax error, unexpected 'echo' (T_ECHO) в D:\OSPanel\domains\forsagewp\wp-content\themes\forsage_penza\functions.php на строке 168

2018-12-14T14:47:38+00:00 CRITICAL syntax error, unexpected 'echo' (T_ECHO) в D:\OSPanel\domains\forsagewp\wp-content\themes\forsage_penza\functions.php на строке 168

2018-12-14T14:56:53+00:00 CRITICAL syntax error, unexpected '}', expecting ',' or ';' в D:\OSPanel\domains\forsagewp\wp-content\themes\forsage_penza\functions.php на строке 179

2018-12-14T15:09:30+00:00 CRITICAL syntax error, unexpected '}', expecting ';' в D:\OSPanel\domains\forsagewp\wp-content\themes\forsage_penza\functions.php на строке 177

2018-12-14T15:10:07+00:00 CRITICAL Uncaught Error: Call to a member function get_regular_price() on null in D:\OSPanel\domains\forsagewp\wp-content\themes\forsage_penza\functions.php:175
Stack trace:
#0 D:\OSPanel\domains\forsagewp\wp-content\plugins\woocommerce\templates\loop\add-to-cart.php(26): custom_button_goods_bottom()
#1 D:\OSPanel\domains\forsagewp\wp-content\plugins\woocommerce\includes\wc-core-functions.php(208): include('D:\\OSPanel\\doma...')
#2 D:\OSPanel\domains\forsagewp\wp-content\plugins\woocommerce\includes\wc-template-functions.php(1204): wc_get_template('loop/add-to-car...', Array)
#3 D:\OSPanel\domains\forsagewp\wp-includes\class-wp-hook.php(286): woocommerce_template_loop_add_to_cart(Array)
#4 D:\OSPanel\domains\forsagewp\wp-includes\class-wp-hook.php(310): WP_Hook->apply_filters(NULL, Array)
#5 D:\OSPanel\domains\forsagewp\wp-includes\plugin.php(453): WP_Hook->do_action(Array)
#6 D:\OSPanel\domains\forsagewp\wp-content\plugins\woocommerce\templates\content-product.php(62): do_action('woocommerce_aft...')
#7 D:\OSPanel\d в D:\OSPanel\domains\forsagewp\wp-content\themes\forsage_penza\functions.php на строке 175

2018-12-14T15:17:45+00:00 CRITICAL syntax error, unexpected 'return' (T_RETURN) в D:\OSPanel\domains\forsagewp\wp-content\themes\forsage_penza\functions.php на строке 176

2018-12-14T15:18:31+00:00 CRITICAL syntax error, unexpected ';', expecting variable (T_VARIABLE) or '{' or '$' в D:\OSPanel\domains\forsagewp\wp-content\themes\forsage_penza\functions.php на строке 176

2018-12-14T15:18:34+00:00 CRITICAL syntax error, unexpected ';', expecting variable (T_VARIABLE) or '{' or '$' в D:\OSPanel\domains\forsagewp\wp-content\themes\forsage_penza\functions.php на строке 176

2018-12-14T15:21:25+00:00 CRITICAL Uncaught Error: Call to a member function get_price() on null in D:\OSPanel\domains\forsagewp\wp-content\themes\forsage_penza\functions.php:172
Stack trace:
#0 D:\OSPanel\domains\forsagewp\wp-includes\class-wp-hook.php(286): my_custom_good_bottom('')
#1 D:\OSPanel\domains\forsagewp\wp-includes\class-wp-hook.php(310): WP_Hook->apply_filters(NULL, Array)
#2 D:\OSPanel\domains\forsagewp\wp-includes\plugin.php(453): WP_Hook->do_action(Array)
#3 D:\OSPanel\domains\forsagewp\wp-content\plugins\woocommerce\templates\content-product.php(55): do_action('woocommerce_aft...')
#4 D:\OSPanel\domains\forsagewp\wp-includes\template.php(690): require('D:\\OSPanel\\doma...')
#5 D:\OSPanel\domains\forsagewp\wp-content\plugins\woocommerce\includes\wc-core-functions.php(178): load_template('D:\\OSPanel\\doma...', false)
#6 D:\OSPanel\domains\forsagewp\wp-content\plugins\woocommerce\includes\shortcodes\class-wc-shortcode-products.php(643): wc_get_template_part('content', 'product')
#7 D:\OSPanel\domains\forsagewp\wp-content\plugi в D:\OSPanel\domains\forsagewp\wp-content\themes\forsage_penza\functions.php на строке 172

2018-12-14T15:26:39+00:00 CRITICAL syntax error, unexpected 'function' (T_FUNCTION) в D:\OSPanel\domains\forsagewp\wp-content\themes\forsage_penza\functions.php на строке 175

2018-12-14T15:32:45+00:00 CRITICAL syntax error, unexpected 'echo' (T_ECHO) в D:\OSPanel\domains\forsagewp\wp-content\plugins\woocommerce\templates\loop\add-to-cart.php на строке 31

