2019-01-17T08:20:03+00:00 CRITICAL syntax error, unexpected '$loop' (T_VARIABLE) в D:\OSPanel\domains\forsagewp\wp-content\themes\forsage_penza\disks_product_list.php на строке 51

2019-01-17T08:30:36+00:00 CRITICAL syntax error, unexpected ';', expecting ')' в D:\OSPanel\domains\forsagewp\wp-content\themes\forsage_penza\disks_product_list.php на строке 36

2019-01-17T08:31:03+00:00 CRITICAL syntax error, unexpected ';', expecting ')' в D:\OSPanel\domains\forsagewp\wp-content\themes\forsage_penza\disks_product_list.php на строке 36

2019-01-17T08:31:16+00:00 CRITICAL syntax error, unexpected 'global' (T_GLOBAL), expecting ')' в D:\OSPanel\domains\forsagewp\wp-content\themes\forsage_penza\disks_product_list.php на строке 37

2019-01-17T08:31:37+00:00 CRITICAL syntax error, unexpected 'if' (T_IF), expecting ')' в D:\OSPanel\domains\forsagewp\wp-content\themes\forsage_penza\disks_product_list.php на строке 42

2019-01-17T08:32:03+00:00 CRITICAL syntax error, unexpected ';', expecting ')' в D:\OSPanel\domains\forsagewp\wp-content\themes\forsage_penza\disks_product_list.php на строке 40

2019-01-17T08:32:17+00:00 CRITICAL syntax error, unexpected 'if' (T_IF), expecting ')' в D:\OSPanel\domains\forsagewp\wp-content\themes\forsage_penza\disks_product_list.php на строке 42

2019-01-17T08:32:30+00:00 CRITICAL syntax error, unexpected ';', expecting ')' в D:\OSPanel\domains\forsagewp\wp-content\themes\forsage_penza\disks_product_list.php на строке 40

2019-01-17T08:33:28+00:00 CRITICAL syntax error, unexpected ';', expecting ')' в D:\OSPanel\domains\forsagewp\wp-content\themes\forsage_penza\disks_product_list.php на строке 38

2019-01-17T08:35:43+00:00 CRITICAL syntax error, unexpected 'disks_filter' (T_STRING), expecting ')' в D:\OSPanel\domains\forsagewp\wp-content\themes\forsage_penza\disks_product_list.php на строке 74

2019-01-17T08:38:19+00:00 CRITICAL syntax error, unexpected ',' в D:\OSPanel\domains\forsagewp\wp-content\themes\forsage_penza\disks_product_list.php на строке 39

2019-01-17T08:38:28+00:00 CRITICAL syntax error, unexpected ',' в D:\OSPanel\domains\forsagewp\wp-content\themes\forsage_penza\disks_product_list.php на строке 40

2019-01-17T08:38:41+00:00 CRITICAL syntax error, unexpected ',' в D:\OSPanel\domains\forsagewp\wp-content\themes\forsage_penza\disks_product_list.php на строке 42

2019-01-17T08:41:15+00:00 CRITICAL syntax error, unexpected ',' в D:\OSPanel\domains\forsagewp\wp-content\themes\forsage_penza\disks_product_list.php на строке 46

2019-01-17T08:43:22+00:00 CRITICAL syntax error, unexpected ',' в D:\OSPanel\domains\forsagewp\wp-content\themes\forsage_penza\disks_product_list.php на строке 46

2019-01-17T08:49:55+00:00 CRITICAL syntax error, unexpected ',' в D:\OSPanel\domains\forsagewp\wp-content\themes\forsage_penza\disks_product_list.php на строке 47

2019-01-17T08:50:02+00:00 CRITICAL syntax error, unexpected ',' в D:\OSPanel\domains\forsagewp\wp-content\themes\forsage_penza\disks_product_list.php на строке 47

2019-01-17T08:50:13+00:00 CRITICAL syntax error, unexpected ',' в D:\OSPanel\domains\forsagewp\wp-content\themes\forsage_penza\disks_product_list.php на строке 47

2019-01-17T08:50:23+00:00 CRITICAL syntax error, unexpected ',' в D:\OSPanel\domains\forsagewp\wp-content\themes\forsage_penza\disks_product_list.php на строке 47

2019-01-17T08:50:37+00:00 CRITICAL syntax error, unexpected '\' (T_NS_SEPARATOR) в D:\OSPanel\domains\forsagewp\wp-content\themes\forsage_penza\disks_product_list.php на строке 47

2019-01-17T09:06:11+00:00 CRITICAL syntax error, unexpected ',' в D:\OSPanel\domains\forsagewp\wp-content\themes\forsage_penza\disks_product_list.php на строке 38

2019-01-17T09:08:56+00:00 CRITICAL syntax error, unexpected ',', expecting ';' в D:\OSPanel\domains\forsagewp\wp-content\themes\forsage_penza\disks_product_list.php на строке 62

2019-01-17T09:12:10+00:00 CRITICAL syntax error, unexpected ',' в D:\OSPanel\domains\forsagewp\wp-content\themes\forsage_penza\disks_product_list.php на строке 49

2019-01-17T09:23:26+00:00 CRITICAL Uncaught Error: Call to a member function have_posts() on array in D:\OSPanel\domains\forsagewp\wp-content\themes\forsage_penza\disks_product_list.php:73
Stack trace:
#0 D:\OSPanel\domains\forsagewp\wp-includes\template-loader.php(74): include()
#1 D:\OSPanel\domains\forsagewp\wp-blog-header.php(19): require_once('D:\\OSPanel\\doma...')
#2 D:\OSPanel\domains\forsagewp\index.php(17): require('D:\\OSPanel\\doma...')
#3 {main}
  thrown в D:\OSPanel\domains\forsagewp\wp-content\themes\forsage_penza\disks_product_list.php на строке 73

2019-01-17T09:39:55+00:00 CRITICAL syntax error, unexpected '=>' (T_DOUBLE_ARROW), expecting ';' в D:\OSPanel\domains\forsagewp\wp-content\themes\forsage_penza\disks_product_list.php на строке 24

2019-01-17T09:42:00+00:00 CRITICAL syntax error, unexpected '=>' (T_DOUBLE_ARROW), expecting ';' в D:\OSPanel\domains\forsagewp\wp-content\themes\forsage_penza\disks_product_list.php на строке 24

2019-01-17T09:43:17+00:00 CRITICAL syntax error, unexpected '=>' (T_DOUBLE_ARROW), expecting ';' в D:\OSPanel\domains\forsagewp\wp-content\themes\forsage_penza\disks_product_list.php на строке 24

2019-01-17T09:43:26+00:00 CRITICAL syntax error, unexpected '=>' (T_DOUBLE_ARROW) в D:\OSPanel\domains\forsagewp\wp-content\themes\forsage_penza\disks_product_list.php на строке 27

2019-01-17T09:43:38+00:00 CRITICAL syntax error, unexpected ';', expecting ')' в D:\OSPanel\domains\forsagewp\wp-content\themes\forsage_penza\disks_product_list.php на строке 27

