2018-12-26T07:40:39+00:00 CRITICAL Maximum execution time of 180 seconds exceeded в C:\Users\alexe\Downloads\OSPanel\domains\forsagewp\wp-content\plugins\woocommerce\includes\admin\wc-meta-box-functions.php на строке 10

2018-12-26T07:52:24+00:00 CRITICAL Uncaught Error: Call to undefined method WC_Product_Simple::cat_ID() in C:\Users\alexe\Downloads\OSPanel\domains\forsagewp\wp-content\themes\forsage_penza\functions.php:181
Stack trace:
#0 C:\Users\alexe\Downloads\OSPanel\domains\forsagewp\wp-includes\class-wp-hook.php(286): my_custom_single_product_summary('')
#1 C:\Users\alexe\Downloads\OSPanel\domains\forsagewp\wp-includes\class-wp-hook.php(310): WP_Hook->apply_filters(NULL, Array)
#2 C:\Users\alexe\Downloads\OSPanel\domains\forsagewp\wp-includes\plugin.php(453): WP_Hook->do_action(Array)
#3 C:\Users\alexe\Downloads\OSPanel\domains\forsagewp\wp-content\plugins\woocommerce\templates\content-single-product.php(58): do_action('woocommerce_sin...')
#4 C:\Users\alexe\Downloads\OSPanel\domains\forsagewp\wp-includes\template.php(690): require('C:\\Users\\alexe\\...')
#5 C:\Users\alexe\Downloads\OSPanel\domains\forsagewp\wp-content\plugins\woocommerce\includes\wc-core-functions.php(178): load_template('C:\\Users\\alexe\\...', false)
#6 C:\Users\alexe\Downloads\OSP в C:\Users\alexe\Downloads\OSPanel\domains\forsagewp\wp-content\themes\forsage_penza\functions.php на строке 181

2018-12-26T07:52:53+00:00 CRITICAL Uncaught Error: Call to undefined method WC_Product_Simple::cat_ID() in C:\Users\alexe\Downloads\OSPanel\domains\forsagewp\wp-content\themes\forsage_penza\functions.php:181
Stack trace:
#0 C:\Users\alexe\Downloads\OSPanel\domains\forsagewp\wp-includes\class-wp-hook.php(286): my_custom_single_product_summary('')
#1 C:\Users\alexe\Downloads\OSPanel\domains\forsagewp\wp-includes\class-wp-hook.php(310): WP_Hook->apply_filters(NULL, Array)
#2 C:\Users\alexe\Downloads\OSPanel\domains\forsagewp\wp-includes\plugin.php(453): WP_Hook->do_action(Array)
#3 C:\Users\alexe\Downloads\OSPanel\domains\forsagewp\wp-content\plugins\woocommerce\templates\content-single-product.php(58): do_action('woocommerce_sin...')
#4 C:\Users\alexe\Downloads\OSPanel\domains\forsagewp\wp-includes\template.php(690): require('C:\\Users\\alexe\\...')
#5 C:\Users\alexe\Downloads\OSPanel\domains\forsagewp\wp-content\plugins\woocommerce\includes\wc-core-functions.php(178): load_template('C:\\Users\\alexe\\...', false)
#6 C:\Users\alexe\Downloads\OSP в C:\Users\alexe\Downloads\OSPanel\domains\forsagewp\wp-content\themes\forsage_penza\functions.php на строке 181

2018-12-26T07:53:43+00:00 CRITICAL Uncaught Error: Call to undefined method WC_Product_Simple::cat_ID() in C:\Users\alexe\Downloads\OSPanel\domains\forsagewp\wp-content\themes\forsage_penza\functions.php:181
Stack trace:
#0 C:\Users\alexe\Downloads\OSPanel\domains\forsagewp\wp-includes\class-wp-hook.php(286): my_custom_single_product_summary('')
#1 C:\Users\alexe\Downloads\OSPanel\domains\forsagewp\wp-includes\class-wp-hook.php(310): WP_Hook->apply_filters(NULL, Array)
#2 C:\Users\alexe\Downloads\OSPanel\domains\forsagewp\wp-includes\plugin.php(453): WP_Hook->do_action(Array)
#3 C:\Users\alexe\Downloads\OSPanel\domains\forsagewp\wp-content\plugins\woocommerce\templates\content-single-product.php(58): do_action('woocommerce_sin...')
#4 C:\Users\alexe\Downloads\OSPanel\domains\forsagewp\wp-includes\template.php(690): require('C:\\Users\\alexe\\...')
#5 C:\Users\alexe\Downloads\OSPanel\domains\forsagewp\wp-content\plugins\woocommerce\includes\wc-core-functions.php(178): load_template('C:\\Users\\alexe\\...', false)
#6 C:\Users\alexe\Downloads\OSP в C:\Users\alexe\Downloads\OSPanel\domains\forsagewp\wp-content\themes\forsage_penza\functions.php на строке 181

2018-12-26T07:57:17+00:00 CRITICAL Uncaught Error: Call to a member function is_in_stock() on null in C:\Users\alexe\Downloads\OSPanel\domains\forsagewp\wp-content\themes\forsage_penza\functions.php:185
Stack trace:
#0 C:\Users\alexe\Downloads\OSPanel\domains\forsagewp\wp-includes\class-wp-hook.php(286): my_custom_single_product_summary('')
#1 C:\Users\alexe\Downloads\OSPanel\domains\forsagewp\wp-includes\class-wp-hook.php(310): WP_Hook->apply_filters(NULL, Array)
#2 C:\Users\alexe\Downloads\OSPanel\domains\forsagewp\wp-includes\plugin.php(453): WP_Hook->do_action(Array)
#3 C:\Users\alexe\Downloads\OSPanel\domains\forsagewp\wp-content\plugins\woocommerce\templates\content-single-product.php(58): do_action('woocommerce_sin...')
#4 C:\Users\alexe\Downloads\OSPanel\domains\forsagewp\wp-includes\template.php(690): require('C:\\Users\\alexe\\...')
#5 C:\Users\alexe\Downloads\OSPanel\domains\forsagewp\wp-content\plugins\woocommerce\includes\wc-core-functions.php(178): load_template('C:\\Users\\alexe\\...', false)
#6 C:\Users\alexe\Downloads\OSPanel\ в C:\Users\alexe\Downloads\OSPanel\domains\forsagewp\wp-content\themes\forsage_penza\functions.php на строке 185

2018-12-26T07:57:42+00:00 CRITICAL Uncaught Error: Call to a member function is_in_stock() on null in C:\Users\alexe\Downloads\OSPanel\domains\forsagewp\wp-content\themes\forsage_penza\functions.php:185
Stack trace:
#0 C:\Users\alexe\Downloads\OSPanel\domains\forsagewp\wp-includes\class-wp-hook.php(286): my_custom_single_product_summary('')
#1 C:\Users\alexe\Downloads\OSPanel\domains\forsagewp\wp-includes\class-wp-hook.php(310): WP_Hook->apply_filters(NULL, Array)
#2 C:\Users\alexe\Downloads\OSPanel\domains\forsagewp\wp-includes\plugin.php(453): WP_Hook->do_action(Array)
#3 C:\Users\alexe\Downloads\OSPanel\domains\forsagewp\wp-content\plugins\woocommerce\templates\content-single-product.php(58): do_action('woocommerce_sin...')
#4 C:\Users\alexe\Downloads\OSPanel\domains\forsagewp\wp-includes\template.php(690): require('C:\\Users\\alexe\\...')
#5 C:\Users\alexe\Downloads\OSPanel\domains\forsagewp\wp-content\plugins\woocommerce\includes\wc-core-functions.php(178): load_template('C:\\Users\\alexe\\...', false)
#6 C:\Users\alexe\Downloads\OSPanel\ в C:\Users\alexe\Downloads\OSPanel\domains\forsagewp\wp-content\themes\forsage_penza\functions.php на строке 185

2018-12-26T07:58:00+00:00 CRITICAL Uncaught Error: Call to a member function get_attribute() on null in C:\Users\alexe\Downloads\OSPanel\domains\forsagewp\wp-content\themes\forsage_penza\functions.php:183
Stack trace:
#0 C:\Users\alexe\Downloads\OSPanel\domains\forsagewp\wp-includes\class-wp-hook.php(286): my_custom_single_product_summary('')
#1 C:\Users\alexe\Downloads\OSPanel\domains\forsagewp\wp-includes\class-wp-hook.php(310): WP_Hook->apply_filters(NULL, Array)
#2 C:\Users\alexe\Downloads\OSPanel\domains\forsagewp\wp-includes\plugin.php(453): WP_Hook->do_action(Array)
#3 C:\Users\alexe\Downloads\OSPanel\domains\forsagewp\wp-content\plugins\woocommerce\templates\content-single-product.php(58): do_action('woocommerce_sin...')
#4 C:\Users\alexe\Downloads\OSPanel\domains\forsagewp\wp-includes\template.php(690): require('C:\\Users\\alexe\\...')
#5 C:\Users\alexe\Downloads\OSPanel\domains\forsagewp\wp-content\plugins\woocommerce\includes\wc-core-functions.php(178): load_template('C:\\Users\\alexe\\...', false)
#6 C:\Users\alexe\Downloads\OSPane в C:\Users\alexe\Downloads\OSPanel\domains\forsagewp\wp-content\themes\forsage_penza\functions.php на строке 183

2018-12-26T07:58:34+00:00 CRITICAL Uncaught Error: Call to a member function get_attribute() on null in C:\Users\alexe\Downloads\OSPanel\domains\forsagewp\wp-content\themes\forsage_penza\functions.php:183
Stack trace:
#0 C:\Users\alexe\Downloads\OSPanel\domains\forsagewp\wp-includes\class-wp-hook.php(286): my_custom_single_product_summary('')
#1 C:\Users\alexe\Downloads\OSPanel\domains\forsagewp\wp-includes\class-wp-hook.php(310): WP_Hook->apply_filters(NULL, Array)
#2 C:\Users\alexe\Downloads\OSPanel\domains\forsagewp\wp-includes\plugin.php(453): WP_Hook->do_action(Array)
#3 C:\Users\alexe\Downloads\OSPanel\domains\forsagewp\wp-content\plugins\woocommerce\templates\content-single-product.php(58): do_action('woocommerce_sin...')
#4 C:\Users\alexe\Downloads\OSPanel\domains\forsagewp\wp-includes\template.php(690): require('C:\\Users\\alexe\\...')
#5 C:\Users\alexe\Downloads\OSPanel\domains\forsagewp\wp-content\plugins\woocommerce\includes\wc-core-functions.php(178): load_template('C:\\Users\\alexe\\...', false)
#6 C:\Users\alexe\Downloads\OSPane в C:\Users\alexe\Downloads\OSPanel\domains\forsagewp\wp-content\themes\forsage_penza\functions.php на строке 183

2018-12-26T08:02:43+00:00 CRITICAL Uncaught Error: Call to a member function get_id() on null in C:\Users\alexe\Downloads\OSPanel\domains\forsagewp\wp-content\themes\forsage_penza\functions.php:178
Stack trace:
#0 C:\Users\alexe\Downloads\OSPanel\domains\forsagewp\wp-includes\class-wp-hook.php(286): my_custom_single_product_summary('')
#1 C:\Users\alexe\Downloads\OSPanel\domains\forsagewp\wp-includes\class-wp-hook.php(310): WP_Hook->apply_filters(NULL, Array)
#2 C:\Users\alexe\Downloads\OSPanel\domains\forsagewp\wp-includes\plugin.php(453): WP_Hook->do_action(Array)
#3 C:\Users\alexe\Downloads\OSPanel\domains\forsagewp\wp-content\plugins\woocommerce\templates\content-single-product.php(58): do_action('woocommerce_sin...')
#4 C:\Users\alexe\Downloads\OSPanel\domains\forsagewp\wp-includes\template.php(690): require('C:\\Users\\alexe\\...')
#5 C:\Users\alexe\Downloads\OSPanel\domains\forsagewp\wp-content\plugins\woocommerce\includes\wc-core-functions.php(178): load_template('C:\\Users\\alexe\\...', false)
#6 C:\Users\alexe\Downloads\OSPanel\domai в C:\Users\alexe\Downloads\OSPanel\domains\forsagewp\wp-content\themes\forsage_penza\functions.php на строке 178

2018-12-26T08:06:24+00:00 CRITICAL syntax error, unexpected 'if' (T_IF), expecting ',' or ';' в C:\Users\alexe\Downloads\OSPanel\domains\forsagewp\wp-content\themes\forsage_penza\functions.php на строке 182

