2019-01-15T15:34:58+00:00 CRITICAL syntax error, unexpected 'endif' (T_ENDIF), expecting end of file в D:\OSPanel\domains\forsagewp\wp-content\themes\forsage_penza\woocommerce\content-product.php на строке 71

2019-01-15T15:48:22+00:00 CRITICAL syntax error, unexpected 'function' (T_FUNCTION) в D:\OSPanel\domains\forsagewp\wp-content\themes\forsage_penza\functions.php на строке 247

2019-01-15T15:48:34+00:00 CRITICAL syntax error, unexpected '$shirina_shiny' (T_VARIABLE), expecting ',' or ';' в D:\OSPanel\domains\forsagewp\wp-content\themes\forsage_penza\functions.php на строке 249

2019-01-15T15:50:50+00:00 CRITICAL syntax error, unexpected '[', expecting ')' в D:\OSPanel\domains\forsagewp\wp-content\themes\forsage_penza\functions.php на строке 163

2019-01-15T16:35:49+00:00 CRITICAL syntax error, unexpected 'return' (T_RETURN) в D:\OSPanel\domains\forsagewp\wp-content\themes\forsage_penza\woocommerce\content-product.php на строке 24

2019-01-15T16:46:20+00:00 CRITICAL syntax error, unexpected 'endif' (T_ENDIF), expecting end of file в D:\OSPanel\domains\forsagewp\wp-content\themes\forsage_penza\woocommerce\content-product.php на строке 73

2019-01-15T16:46:22+00:00 CRITICAL syntax error, unexpected 'endif' (T_ENDIF), expecting end of file в D:\OSPanel\domains\forsagewp\wp-content\themes\forsage_penza\woocommerce\content-product.php на строке 73

2019-01-15T16:46:53+00:00 CRITICAL Uncaught Error: Call to a member function get_attributes() on null in D:\OSPanel\domains\forsagewp\wp-content\plugins\woocommerce\includes\wc-template-functions.php:3122
Stack trace:
#0 D:\OSPanel\domains\forsagewp\wp-content\themes\forsage_penza\functions.php(247): wc_display_product_attributes(NULL)
#1 D:\OSPanel\domains\forsagewp\wp-includes\class-wp-hook.php(286): my_woocommerce_before_shop_loop_item('')
#2 D:\OSPanel\domains\forsagewp\wp-includes\class-wp-hook.php(310): WP_Hook->apply_filters(NULL, Array)
#3 D:\OSPanel\domains\forsagewp\wp-includes\plugin.php(453): WP_Hook->do_action(Array)
#4 D:\OSPanel\domains\forsagewp\wp-content\themes\forsage_penza\woocommerce\content-product.php(40): do_action('woocommerce_bef...')
#5 D:\OSPanel\domains\forsagewp\wp-includes\template.php(690): require('D:\\OSPanel\\doma...')
#6 D:\OSPanel\domains\forsagewp\wp-content\plugins\woocommerce\includes\wc-core-functions.php(178): load_template('D:\\OSPanel\\doma...', false)
#7 D:\OSPanel\domains\forsagewp\wp-content\plugi в D:\OSPanel\domains\forsagewp\wp-content\plugins\woocommerce\includes\wc-template-functions.php на строке 3122

2019-01-15T17:01:51+00:00 CRITICAL Uncaught Error: Cannot use object of type WC_Product_Simple as array in D:\OSPanel\domains\forsagewp\wp-content\themes\forsage_penza\functions.php:248
Stack trace:
#0 D:\OSPanel\domains\forsagewp\wp-includes\class-wp-hook.php(286): my_woocommerce_before_shop_loop_item('')
#1 D:\OSPanel\domains\forsagewp\wp-includes\class-wp-hook.php(310): WP_Hook->apply_filters('', Array)
#2 D:\OSPanel\domains\forsagewp\wp-includes\plugin.php(453): WP_Hook->do_action(Array)
#3 D:\OSPanel\domains\forsagewp\wp-content\themes\forsage_penza\woocommerce\content-product.php(40): do_action('woocommerce_bef...')
#4 D:\OSPanel\domains\forsagewp\wp-includes\template.php(690): require('D:\\OSPanel\\doma...')
#5 D:\OSPanel\domains\forsagewp\wp-content\plugins\woocommerce\includes\wc-core-functions.php(178): load_template('D:\\OSPanel\\doma...', false)
#6 D:\OSPanel\domains\forsagewp\wp-content\plugins\woocommerce\includes\shortcodes\class-wc-shortcode-products.php(643): wc_get_template_part('content', 'product')
#7 D:\OSPanel\domains\for в D:\OSPanel\domains\forsagewp\wp-content\themes\forsage_penza\functions.php на строке 248

2019-01-15T17:24:43+00:00 CRITICAL syntax error, unexpected end of file, expecting elseif (T_ELSEIF) or else (T_ELSE) or endif (T_ENDIF) в D:\OSPanel\domains\forsagewp\wp-content\themes\forsage_penza\woocommerce\loop\loop-start.php на строке 27

2019-01-15T17:25:19+00:00 CRITICAL syntax error, unexpected end of file, expecting elseif (T_ELSEIF) or else (T_ELSE) or endif (T_ENDIF) в D:\OSPanel\domains\forsagewp\wp-content\themes\forsage_penza\woocommerce\loop\loop-start.php на строке 27

2019-01-15T17:26:07+00:00 CRITICAL syntax error, unexpected end of file, expecting elseif (T_ELSEIF) or else (T_ELSE) or endif (T_ENDIF) в D:\OSPanel\domains\forsagewp\wp-content\themes\forsage_penza\woocommerce\loop\loop-start.php на строке 27

2019-01-15T17:26:19+00:00 CRITICAL syntax error, unexpected end of file в D:\OSPanel\domains\forsagewp\wp-content\themes\forsage_penza\woocommerce\loop\loop-start.php на строке 27

2019-01-15T17:26:40+00:00 CRITICAL syntax error, unexpected end of file, expecting elseif (T_ELSEIF) or else (T_ELSE) or endif (T_ENDIF) в D:\OSPanel\domains\forsagewp\wp-content\themes\forsage_penza\woocommerce\loop\loop-start.php на строке 27

2019-01-15T17:26:53+00:00 CRITICAL syntax error, unexpected end of file, expecting elseif (T_ELSEIF) or else (T_ELSE) or endif (T_ENDIF) в D:\OSPanel\domains\forsagewp\wp-content\themes\forsage_penza\woocommerce\loop\loop-start.php на строке 27

2019-01-15T19:00:08+00:00 CRITICAL syntax error, unexpected ';', expecting ')' в D:\OSPanel\domains\forsagewp\wp-content\themes\forsage_penza\functions.php на строке 248

2019-01-15T19:04:07+00:00 CRITICAL syntax error, unexpected ';', expecting ')' в D:\OSPanel\domains\forsagewp\wp-content\themes\forsage_penza\functions.php на строке 248

2019-01-15T19:05:38+00:00 CRITICAL syntax error, unexpected ';', expecting ')' в D:\OSPanel\domains\forsagewp\wp-content\themes\forsage_penza\functions.php на строке 248

2019-01-15T19:12:23+00:00 CRITICAL Uncaught Error: Using $this when not in object context in D:\OSPanel\domains\forsagewp\wp-content\themes\forsage_penza\functions.php:247
Stack trace:
#0 D:\OSPanel\domains\forsagewp\wp-includes\class-wp-hook.php(286): woocommerce_before_shop_loop_nixt('')
#1 D:\OSPanel\domains\forsagewp\wp-includes\class-wp-hook.php(310): WP_Hook->apply_filters(NULL, Array)
#2 D:\OSPanel\domains\forsagewp\wp-includes\plugin.php(453): WP_Hook->do_action(Array)
#3 D:\OSPanel\domains\forsagewp\wp-content\plugins\woocommerce\includes\shortcodes\class-wc-shortcode-products.php(629): do_action('woocommerce_bef...')
#4 D:\OSPanel\domains\forsagewp\wp-content\plugins\woocommerce\includes\shortcodes\class-wc-shortcode-products.php(100): WC_Shortcode_Products->product_loop()
#5 D:\OSPanel\domains\forsagewp\wp-content\plugins\woocommerce\includes\class-wc-shortcodes.php(264): WC_Shortcode_Products->get_content()
#6 D:\OSPanel\domains\forsagewp\wp-includes\shortcodes.php(319): WC_Shortcodes::products(Array, '', 'products')
#7 [internal f в D:\OSPanel\domains\forsagewp\wp-content\themes\forsage_penza\functions.php на строке 247

2019-01-15T19:12:39+00:00 CRITICAL Uncaught Error: Using $this when not in object context in D:\OSPanel\domains\forsagewp\wp-content\themes\forsage_penza\functions.php:247
Stack trace:
#0 D:\OSPanel\domains\forsagewp\wp-includes\class-wp-hook.php(286): woocommerce_before_shop_loop_nixt('')
#1 D:\OSPanel\domains\forsagewp\wp-includes\class-wp-hook.php(310): WP_Hook->apply_filters(NULL, Array)
#2 D:\OSPanel\domains\forsagewp\wp-includes\plugin.php(453): WP_Hook->do_action(Array)
#3 D:\OSPanel\domains\forsagewp\wp-content\plugins\woocommerce\includes\shortcodes\class-wc-shortcode-products.php(629): do_action('woocommerce_bef...')
#4 D:\OSPanel\domains\forsagewp\wp-content\plugins\woocommerce\includes\shortcodes\class-wc-shortcode-products.php(100): WC_Shortcode_Products->product_loop()
#5 D:\OSPanel\domains\forsagewp\wp-content\plugins\woocommerce\includes\class-wc-shortcodes.php(264): WC_Shortcode_Products->get_content()
#6 D:\OSPanel\domains\forsagewp\wp-includes\shortcodes.php(319): WC_Shortcodes::products(Array, '', 'products')
#7 [internal f в D:\OSPanel\domains\forsagewp\wp-content\themes\forsage_penza\functions.php на строке 247

2019-01-15T19:13:05+00:00 CRITICAL Uncaught Error: Using $this when not in object context in D:\OSPanel\domains\forsagewp\wp-content\themes\forsage_penza\functions.php:247
Stack trace:
#0 D:\OSPanel\domains\forsagewp\wp-includes\class-wp-hook.php(286): woocommerce_before_shop_loop_nixt('')
#1 D:\OSPanel\domains\forsagewp\wp-includes\class-wp-hook.php(310): WP_Hook->apply_filters(NULL, Array)
#2 D:\OSPanel\domains\forsagewp\wp-includes\plugin.php(453): WP_Hook->do_action(Array)
#3 D:\OSPanel\domains\forsagewp\wp-content\plugins\woocommerce\includes\shortcodes\class-wc-shortcode-products.php(629): do_action('woocommerce_bef...')
#4 D:\OSPanel\domains\forsagewp\wp-content\plugins\woocommerce\includes\shortcodes\class-wc-shortcode-products.php(100): WC_Shortcode_Products->product_loop()
#5 D:\OSPanel\domains\forsagewp\wp-content\plugins\woocommerce\includes\class-wc-shortcodes.php(264): WC_Shortcode_Products->get_content()
#6 D:\OSPanel\domains\forsagewp\wp-includes\shortcodes.php(319): WC_Shortcodes::products(Array, '', 'products')
#7 [internal f в D:\OSPanel\domains\forsagewp\wp-content\themes\forsage_penza\functions.php на строке 247

2019-01-15T19:16:59+00:00 CRITICAL Uncaught Error: Call to a member function get_attribute() on null in D:\OSPanel\domains\forsagewp\wp-content\themes\forsage_penza\woocommerce\loop\loop-start.php:23
Stack trace:
#0 D:\OSPanel\domains\forsagewp\wp-content\plugins\woocommerce\includes\wc-core-functions.php(208): include()
#1 D:\OSPanel\domains\forsagewp\wp-content\plugins\woocommerce\includes\wc-template-functions.php(1026): wc_get_template('loop/loop-start...')
#2 D:\OSPanel\domains\forsagewp\wp-content\plugins\woocommerce\includes\shortcodes\class-wc-shortcode-products.php(632): woocommerce_product_loop_start()
#3 D:\OSPanel\domains\forsagewp\wp-content\plugins\woocommerce\includes\shortcodes\class-wc-shortcode-products.php(100): WC_Shortcode_Products->product_loop()
#4 D:\OSPanel\domains\forsagewp\wp-content\plugins\woocommerce\includes\class-wc-shortcodes.php(264): WC_Shortcode_Products->get_content()
#5 D:\OSPanel\domains\forsagewp\wp-includes\shortcodes.php(319): WC_Shortcodes::products(Array, '', 'products')
#6 [internal function]: do_sh в D:\OSPanel\domains\forsagewp\wp-content\themes\forsage_penza\woocommerce\loop\loop-start.php на строке 23

2019-01-15T19:17:32+00:00 CRITICAL 'continue' not in the 'loop' or 'switch' context в D:\OSPanel\domains\forsagewp\wp-content\themes\forsage_penza\woocommerce\loop\loop-start.php на строке 24

2019-01-15T19:18:37+00:00 CRITICAL 'continue' not in the 'loop' or 'switch' context в D:\OSPanel\domains\forsagewp\wp-content\themes\forsage_penza\woocommerce\loop\loop-start.php на строке 29

2019-01-15T19:19:10+00:00 CRITICAL 'continue' not in the 'loop' or 'switch' context в D:\OSPanel\domains\forsagewp\wp-content\themes\forsage_penza\woocommerce\content-product.php на строке 27

2019-01-15T19:19:23+00:00 CRITICAL 'continue' not in the 'loop' or 'switch' context в D:\OSPanel\domains\forsagewp\wp-content\themes\forsage_penza\woocommerce\content-product.php на строке 30

2019-01-15T19:22:50+00:00 CRITICAL 'continue' not in the 'loop' or 'switch' context в D:\OSPanel\domains\forsagewp\wp-content\themes\forsage_penza\woocommerce\content-product.php на строке 30

2019-01-15T19:23:41+00:00 CRITICAL 'break' not in the 'loop' or 'switch' context в D:\OSPanel\domains\forsagewp\wp-content\themes\forsage_penza\woocommerce\content-product.php на строке 30

2019-01-15T19:33:36+00:00 CRITICAL Uncaught Error: Call to a member function is_on_sale() on null in D:\OSPanel\domains\forsagewp\wp-content\themes\forsage_penza\woocommerce\loop\sale-flash.php:26
Stack trace:
#0 D:\OSPanel\domains\forsagewp\wp-content\plugins\woocommerce\includes\wc-core-functions.php(208): include()
#1 D:\OSPanel\domains\forsagewp\wp-content\plugins\woocommerce\includes\wc-template-functions.php(1242): wc_get_template('loop/sale-flash...')
#2 D:\OSPanel\domains\forsagewp\wp-includes\class-wp-hook.php(286): woocommerce_show_product_loop_sale_flash('')
#3 D:\OSPanel\domains\forsagewp\wp-includes\class-wp-hook.php(310): WP_Hook->apply_filters('', Array)
#4 D:\OSPanel\domains\forsagewp\wp-includes\plugin.php(453): WP_Hook->do_action(Array)
#5 D:\OSPanel\domains\forsagewp\wp-content\themes\forsage_penza\main_product_list.php(34): do_action('woocommerce_bef...')
#6 D:\OSPanel\domains\forsagewp\wp-includes\template-loader.php(74): include('D:\\OSPanel\\doma...')
#7 D:\OSPanel\domains\forsagewp\wp-blog-header.php(19): require_once(' в D:\OSPanel\domains\forsagewp\wp-content\themes\forsage_penza\woocommerce\loop\sale-flash.php на строке 26

2019-01-15T19:35:56+00:00 CRITICAL Uncaught Error: Call to a member function get_attribute() on null in D:\OSPanel\domains\forsagewp\wp-content\themes\forsage_penza\woocommerce\loop\loop-start.php:23
Stack trace:
#0 D:\OSPanel\domains\forsagewp\wp-content\plugins\woocommerce\includes\wc-core-functions.php(208): include()
#1 D:\OSPanel\domains\forsagewp\wp-content\plugins\woocommerce\includes\wc-template-functions.php(1026): wc_get_template('loop/loop-start...')
#2 D:\OSPanel\domains\forsagewp\wp-content\plugins\woocommerce\includes\shortcodes\class-wc-shortcode-products.php(632): woocommerce_product_loop_start()
#3 D:\OSPanel\domains\forsagewp\wp-content\plugins\woocommerce\includes\shortcodes\class-wc-shortcode-products.php(100): WC_Shortcode_Products->product_loop()
#4 D:\OSPanel\domains\forsagewp\wp-content\plugins\woocommerce\includes\class-wc-shortcodes.php(264): WC_Shortcode_Products->get_content()
#5 D:\OSPanel\domains\forsagewp\wp-includes\shortcodes.php(319): WC_Shortcodes::products(Array, '', 'products')
#6 [internal function]: do_sh в D:\OSPanel\domains\forsagewp\wp-content\themes\forsage_penza\woocommerce\loop\loop-start.php на строке 23

2019-01-15T19:36:22+00:00 CRITICAL Uncaught Error: Call to a member function get_attribute() on null in D:\OSPanel\domains\forsagewp\wp-content\themes\forsage_penza\woocommerce\loop\loop-start.php:24
Stack trace:
#0 D:\OSPanel\domains\forsagewp\wp-content\plugins\woocommerce\includes\wc-core-functions.php(208): include()
#1 D:\OSPanel\domains\forsagewp\wp-content\plugins\woocommerce\includes\wc-template-functions.php(1026): wc_get_template('loop/loop-start...')
#2 D:\OSPanel\domains\forsagewp\wp-content\plugins\woocommerce\includes\shortcodes\class-wc-shortcode-products.php(632): woocommerce_product_loop_start()
#3 D:\OSPanel\domains\forsagewp\wp-content\plugins\woocommerce\includes\shortcodes\class-wc-shortcode-products.php(100): WC_Shortcode_Products->product_loop()
#4 D:\OSPanel\domains\forsagewp\wp-content\plugins\woocommerce\includes\class-wc-shortcodes.php(264): WC_Shortcode_Products->get_content()
#5 D:\OSPanel\domains\forsagewp\wp-includes\shortcodes.php(319): WC_Shortcodes::products(Array, '', 'products')
#6 [internal function]: do_sh в D:\OSPanel\domains\forsagewp\wp-content\themes\forsage_penza\woocommerce\loop\loop-start.php на строке 24

