2019-01-16T08:12:58+00:00 CRITICAL Uncaught Error: Call to a member function get_attribute() on null in D:\OSPanel\domains\forsagewp\wp-content\themes\forsage_penza\woocommerce\loop\orderby.php:28
Stack trace:
#0 D:\OSPanel\domains\forsagewp\wp-content\plugins\woocommerce\includes\wc-core-functions.php(208): include()
#1 D:\OSPanel\domains\forsagewp\wp-content\plugins\woocommerce\includes\wc-template-functions.php(1327): wc_get_template('loop/orderby.ph...', Array)
#2 D:\OSPanel\domains\forsagewp\wp-includes\class-wp-hook.php(286): woocommerce_catalog_ordering('')
#3 D:\OSPanel\domains\forsagewp\wp-includes\class-wp-hook.php(310): WP_Hook->apply_filters(NULL, Array)
#4 D:\OSPanel\domains\forsagewp\wp-includes\plugin.php(453): WP_Hook->do_action(Array)
#5 D:\OSPanel\domains\forsagewp\wp-content\plugins\woocommerce\includes\shortcodes\class-wc-shortcode-products.php(629): do_action('woocommerce_bef...')
#6 D:\OSPanel\domains\forsagewp\wp-content\plugins\woocommerce\includes\shortcodes\class-wc-shortcode-products.php(100): WC_Shortcode_Products-> в D:\OSPanel\domains\forsagewp\wp-content\themes\forsage_penza\woocommerce\loop\orderby.php на строке 28

2019-01-16T08:18:59+00:00 CRITICAL Uncaught Error: Call to a member function get_attribute() on null in D:\OSPanel\domains\forsagewp\wp-content\plugins\woocommerce\includes\wc-template-functions.php:1293
Stack trace:
#0 D:\OSPanel\domains\forsagewp\wp-includes\class-wp-hook.php(286): woocommerce_catalog_ordering('')
#1 D:\OSPanel\domains\forsagewp\wp-includes\class-wp-hook.php(310): WP_Hook->apply_filters(NULL, Array)
#2 D:\OSPanel\domains\forsagewp\wp-includes\plugin.php(453): WP_Hook->do_action(Array)
#3 D:\OSPanel\domains\forsagewp\wp-content\plugins\woocommerce\includes\shortcodes\class-wc-shortcode-products.php(629): do_action('woocommerce_bef...')
#4 D:\OSPanel\domains\forsagewp\wp-content\plugins\woocommerce\includes\shortcodes\class-wc-shortcode-products.php(100): WC_Shortcode_Products->product_loop()
#5 D:\OSPanel\domains\forsagewp\wp-content\plugins\woocommerce\includes\class-wc-shortcodes.php(264): WC_Shortcode_Products->get_content()
#6 D:\OSPanel\domains\forsagewp\wp-includes\shortcodes.php(319): WC_Shortcodes::products(Array, '', в D:\OSPanel\domains\forsagewp\wp-content\plugins\woocommerce\includes\wc-template-functions.php на строке 1293

2019-01-16T08:19:08+00:00 CRITICAL Uncaught Error: Call to a member function get_attribute() on null in D:\OSPanel\domains\forsagewp\wp-content\plugins\woocommerce\includes\wc-template-functions.php:1294
Stack trace:
#0 D:\OSPanel\domains\forsagewp\wp-includes\class-wp-hook.php(286): woocommerce_catalog_ordering('')
#1 D:\OSPanel\domains\forsagewp\wp-includes\class-wp-hook.php(310): WP_Hook->apply_filters(NULL, Array)
#2 D:\OSPanel\domains\forsagewp\wp-includes\plugin.php(453): WP_Hook->do_action(Array)
#3 D:\OSPanel\domains\forsagewp\wp-content\plugins\woocommerce\includes\shortcodes\class-wc-shortcode-products.php(629): do_action('woocommerce_bef...')
#4 D:\OSPanel\domains\forsagewp\wp-content\plugins\woocommerce\includes\shortcodes\class-wc-shortcode-products.php(100): WC_Shortcode_Products->product_loop()
#5 D:\OSPanel\domains\forsagewp\wp-content\plugins\woocommerce\includes\class-wc-shortcodes.php(264): WC_Shortcode_Products->get_content()
#6 D:\OSPanel\domains\forsagewp\wp-includes\shortcodes.php(319): WC_Shortcodes::products(Array, '', в D:\OSPanel\domains\forsagewp\wp-content\plugins\woocommerce\includes\wc-template-functions.php на строке 1294

2019-01-16T08:19:12+00:00 CRITICAL Uncaught Error: Call to a member function get_attribute() on null in D:\OSPanel\domains\forsagewp\wp-content\plugins\woocommerce\includes\wc-template-functions.php:1294
Stack trace:
#0 D:\OSPanel\domains\forsagewp\wp-includes\class-wp-hook.php(286): woocommerce_catalog_ordering('')
#1 D:\OSPanel\domains\forsagewp\wp-includes\class-wp-hook.php(310): WP_Hook->apply_filters(NULL, Array)
#2 D:\OSPanel\domains\forsagewp\wp-includes\plugin.php(453): WP_Hook->do_action(Array)
#3 D:\OSPanel\domains\forsagewp\wp-content\plugins\woocommerce\includes\shortcodes\class-wc-shortcode-products.php(629): do_action('woocommerce_bef...')
#4 D:\OSPanel\domains\forsagewp\wp-content\plugins\woocommerce\includes\shortcodes\class-wc-shortcode-products.php(100): WC_Shortcode_Products->product_loop()
#5 D:\OSPanel\domains\forsagewp\wp-content\plugins\woocommerce\includes\class-wc-shortcodes.php(264): WC_Shortcode_Products->get_content()
#6 D:\OSPanel\domains\forsagewp\wp-includes\shortcodes.php(319): WC_Shortcodes::products(Array, '', в D:\OSPanel\domains\forsagewp\wp-content\plugins\woocommerce\includes\wc-template-functions.php на строке 1294

2019-01-16T08:19:17+00:00 CRITICAL Uncaught Error: Call to a member function get_attribute() on null in D:\OSPanel\domains\forsagewp\wp-content\plugins\woocommerce\includes\wc-template-functions.php:1294
Stack trace:
#0 D:\OSPanel\domains\forsagewp\wp-includes\class-wp-hook.php(286): woocommerce_catalog_ordering('')
#1 D:\OSPanel\domains\forsagewp\wp-includes\class-wp-hook.php(310): WP_Hook->apply_filters(NULL, Array)
#2 D:\OSPanel\domains\forsagewp\wp-includes\plugin.php(453): WP_Hook->do_action(Array)
#3 D:\OSPanel\domains\forsagewp\wp-content\plugins\woocommerce\includes\shortcodes\class-wc-shortcode-products.php(629): do_action('woocommerce_bef...')
#4 D:\OSPanel\domains\forsagewp\wp-content\plugins\woocommerce\includes\shortcodes\class-wc-shortcode-products.php(100): WC_Shortcode_Products->product_loop()
#5 D:\OSPanel\domains\forsagewp\wp-content\plugins\woocommerce\includes\class-wc-shortcodes.php(264): WC_Shortcode_Products->get_content()
#6 D:\OSPanel\domains\forsagewp\wp-includes\shortcodes.php(319): WC_Shortcodes::products(Array, '', в D:\OSPanel\domains\forsagewp\wp-content\plugins\woocommerce\includes\wc-template-functions.php на строке 1294

2019-01-16T08:49:11+00:00 CRITICAL Uncaught Error: Call to a member function get_attribute() on null in D:\OSPanel\domains\forsagewp\wp-content\themes\forsage_penza\main_product_list.php:21
Stack trace:
#0 D:\OSPanel\domains\forsagewp\wp-includes\template-loader.php(74): include()
#1 D:\OSPanel\domains\forsagewp\wp-blog-header.php(19): require_once('D:\\OSPanel\\doma...')
#2 D:\OSPanel\domains\forsagewp\index.php(17): require('D:\\OSPanel\\doma...')
#3 {main}
  thrown в D:\OSPanel\domains\forsagewp\wp-content\themes\forsage_penza\main_product_list.php на строке 21

2019-01-16T08:49:19+00:00 CRITICAL Uncaught Error: Call to a member function get_attribute() on null in D:\OSPanel\domains\forsagewp\wp-content\themes\forsage_penza\main_product_list.php:20
Stack trace:
#0 D:\OSPanel\domains\forsagewp\wp-includes\template-loader.php(74): include()
#1 D:\OSPanel\domains\forsagewp\wp-blog-header.php(19): require_once('D:\\OSPanel\\doma...')
#2 D:\OSPanel\domains\forsagewp\index.php(17): require('D:\\OSPanel\\doma...')
#3 {main}
  thrown в D:\OSPanel\domains\forsagewp\wp-content\themes\forsage_penza\main_product_list.php на строке 20

2019-01-16T08:53:25+00:00 CRITICAL syntax error, unexpected ')' в D:\OSPanel\domains\forsagewp\wp-content\themes\forsage_penza\main_product_list.php на строке 24

2019-01-16T09:37:10+00:00 CRITICAL syntax error, unexpected '$shirina_shiny' (T_VARIABLE), expecting ',' or ')' в D:\OSPanel\domains\forsagewp\wp-content\themes\forsage_penza\main_product_list.php на строке 15

2019-01-16T10:15:11+00:00 CRITICAL syntax error, unexpected 'add_action' (T_STRING) в D:\OSPanel\domains\forsagewp\wp-content\themes\forsage_penza\functions.php на строке 179

2019-01-16T10:17:11+00:00 CRITICAL syntax error, unexpected 'add_action' (T_STRING) в D:\OSPanel\domains\forsagewp\wp-content\themes\forsage_penza\functions.php на строке 179

2019-01-16T10:19:12+00:00 CRITICAL syntax error, unexpected 'add_action' (T_STRING) в D:\OSPanel\domains\forsagewp\wp-content\themes\forsage_penza\functions.php на строке 179

2019-01-16T10:21:12+00:00 CRITICAL syntax error, unexpected 'add_action' (T_STRING) в D:\OSPanel\domains\forsagewp\wp-content\themes\forsage_penza\functions.php на строке 179

2019-01-16T10:21:16+00:00 CRITICAL syntax error, unexpected 'add_action' (T_STRING) в D:\OSPanel\domains\forsagewp\wp-content\themes\forsage_penza\functions.php на строке 179

2019-01-16T10:21:46+00:00 CRITICAL syntax error, unexpected 'exit' (T_EXIT) в D:\OSPanel\domains\forsagewp\wp-content\plugins\woocommerce\includes\shortcodes\class-wc-shortcode-products.php на строке 9

2019-01-16T10:23:02+00:00 CRITICAL Uncaught Error: Call to a member function get_attribute() on null in D:\OSPanel\domains\forsagewp\wp-content\themes\forsage_penza\functions.php:252
Stack trace:
#0 D:\OSPanel\domains\forsagewp\wp-includes\class-wp-hook.php(286): my_woocommerce_product_loop_start('<ul class="prod...')
#1 D:\OSPanel\domains\forsagewp\wp-includes\plugin.php(203): WP_Hook->apply_filters('<ul class="prod...', Array)
#2 D:\OSPanel\domains\forsagewp\wp-content\plugins\woocommerce\includes\wc-template-functions.php(1028): apply_filters('woocommerce_pro...', '<ul class="prod...')
#3 D:\OSPanel\domains\forsagewp\wp-content\plugins\woocommerce\includes\shortcodes\class-wc-shortcode-products.php(632): woocommerce_product_loop_start()
#4 D:\OSPanel\domains\forsagewp\wp-content\plugins\woocommerce\includes\shortcodes\class-wc-shortcode-products.php(100): WC_Shortcode_Products->product_loop()
#5 D:\OSPanel\domains\forsagewp\wp-content\plugins\woocommerce\includes\class-wc-shortcodes.php(264): WC_Shortcode_Products->get_content()
#6 D:\OSPan в D:\OSPanel\domains\forsagewp\wp-content\themes\forsage_penza\functions.php на строке 252

2019-01-16T10:48:11+00:00 CRITICAL Uncaught Error: Call to a member function get_attribute() on null in D:\OSPanel\domains\forsagewp\wp-content\themes\forsage_penza\functions.php:252
Stack trace:
#0 D:\OSPanel\domains\forsagewp\wp-includes\class-wp-hook.php(286): my_woocommerce_product_loop_start('<ul class="prod...')
#1 D:\OSPanel\domains\forsagewp\wp-includes\plugin.php(203): WP_Hook->apply_filters('<ul class="prod...', Array)
#2 D:\OSPanel\domains\forsagewp\wp-content\plugins\woocommerce\includes\wc-template-functions.php(1028): apply_filters('woocommerce_pro...', '<ul class="prod...')
#3 D:\OSPanel\domains\forsagewp\wp-content\plugins\woocommerce\includes\shortcodes\class-wc-shortcode-products.php(632): woocommerce_product_loop_start()
#4 D:\OSPanel\domains\forsagewp\wp-content\plugins\woocommerce\includes\shortcodes\class-wc-shortcode-products.php(100): WC_Shortcode_Products->product_loop()
#5 D:\OSPanel\domains\forsagewp\wp-content\plugins\woocommerce\includes\class-wc-shortcodes.php(264): WC_Shortcode_Products->get_content()
#6 D:\OSPan в D:\OSPanel\domains\forsagewp\wp-content\themes\forsage_penza\functions.php на строке 252

2019-01-16T10:48:16+00:00 CRITICAL Uncaught Error: Call to a member function get_attribute() on null in D:\OSPanel\domains\forsagewp\wp-content\themes\forsage_penza\functions.php:252
Stack trace:
#0 D:\OSPanel\domains\forsagewp\wp-includes\class-wp-hook.php(286): my_woocommerce_product_loop_start('<ul class="prod...')
#1 D:\OSPanel\domains\forsagewp\wp-includes\plugin.php(203): WP_Hook->apply_filters('<ul class="prod...', Array)
#2 D:\OSPanel\domains\forsagewp\wp-content\plugins\woocommerce\includes\wc-template-functions.php(1028): apply_filters('woocommerce_pro...', '<ul class="prod...')
#3 D:\OSPanel\domains\forsagewp\wp-content\plugins\woocommerce\includes\shortcodes\class-wc-shortcode-products.php(632): woocommerce_product_loop_start()
#4 D:\OSPanel\domains\forsagewp\wp-content\plugins\woocommerce\includes\shortcodes\class-wc-shortcode-products.php(100): WC_Shortcode_Products->product_loop()
#5 D:\OSPanel\domains\forsagewp\wp-content\plugins\woocommerce\includes\class-wc-shortcodes.php(264): WC_Shortcode_Products->get_content()
#6 D:\OSPan в D:\OSPanel\domains\forsagewp\wp-content\themes\forsage_penza\functions.php на строке 252

2019-01-16T11:12:12+00:00 CRITICAL Uncaught Error: Call to undefined function woo_pagination() in D:\OSPanel\domains\forsagewp\wp-content\themes\forsage_penza\woocommerce\loop\loop-end.php:25
Stack trace:
#0 D:\OSPanel\domains\forsagewp\wp-content\plugins\woocommerce\includes\wc-core-functions.php(208): include()
#1 D:\OSPanel\domains\forsagewp\wp-content\plugins\woocommerce\includes\wc-template-functions.php(1049): wc_get_template('loop/loop-end.p...')
#2 D:\OSPanel\domains\forsagewp\wp-content\plugins\woocommerce\includes\shortcodes\class-wc-shortcode-products.php(651): woocommerce_product_loop_end()
#3 D:\OSPanel\domains\forsagewp\wp-content\plugins\woocommerce\includes\shortcodes\class-wc-shortcode-products.php(100): WC_Shortcode_Products->product_loop()
#4 D:\OSPanel\domains\forsagewp\wp-content\plugins\woocommerce\includes\class-wc-shortcodes.php(264): WC_Shortcode_Products->get_content()
#5 D:\OSPanel\domains\forsagewp\wp-includes\shortcodes.php(319): WC_Shortcodes::products(Array, '', 'products')
#6 [internal function]: do_shortcode_ta в D:\OSPanel\domains\forsagewp\wp-content\themes\forsage_penza\woocommerce\loop\loop-end.php на строке 25

2019-01-16T11:12:40+00:00 CRITICAL Uncaught Error: Call to undefined function woo_pagination() in D:\OSPanel\domains\forsagewp\wp-content\themes\forsage_penza\woocommerce\loop\loop-end.php:25
Stack trace:
#0 D:\OSPanel\domains\forsagewp\wp-content\plugins\woocommerce\includes\wc-core-functions.php(208): include()
#1 D:\OSPanel\domains\forsagewp\wp-content\plugins\woocommerce\includes\wc-template-functions.php(1049): wc_get_template('loop/loop-end.p...')
#2 D:\OSPanel\domains\forsagewp\wp-content\plugins\woocommerce\includes\shortcodes\class-wc-shortcode-products.php(651): woocommerce_product_loop_end()
#3 D:\OSPanel\domains\forsagewp\wp-content\plugins\woocommerce\includes\shortcodes\class-wc-shortcode-products.php(100): WC_Shortcode_Products->product_loop()
#4 D:\OSPanel\domains\forsagewp\wp-content\plugins\woocommerce\includes\class-wc-shortcodes.php(264): WC_Shortcode_Products->get_content()
#5 D:\OSPanel\domains\forsagewp\wp-includes\shortcodes.php(319): WC_Shortcodes::products(Array, '', 'products')
#6 [internal function]: do_shortcode_ta в D:\OSPanel\domains\forsagewp\wp-content\themes\forsage_penza\woocommerce\loop\loop-end.php на строке 25

2019-01-16T11:12:51+00:00 CRITICAL Uncaught Error: Call to undefined function woo_pagination() in D:\OSPanel\domains\forsagewp\wp-content\themes\forsage_penza\woocommerce\loop\loop-end.php:25
Stack trace:
#0 D:\OSPanel\domains\forsagewp\wp-content\plugins\woocommerce\includes\wc-core-functions.php(208): include()
#1 D:\OSPanel\domains\forsagewp\wp-content\plugins\woocommerce\includes\wc-template-functions.php(1049): wc_get_template('loop/loop-end.p...')
#2 D:\OSPanel\domains\forsagewp\wp-content\plugins\woocommerce\includes\shortcodes\class-wc-shortcode-products.php(651): woocommerce_product_loop_end()
#3 D:\OSPanel\domains\forsagewp\wp-content\plugins\woocommerce\includes\shortcodes\class-wc-shortcode-products.php(100): WC_Shortcode_Products->product_loop()
#4 D:\OSPanel\domains\forsagewp\wp-content\plugins\woocommerce\includes\class-wc-shortcodes.php(264): WC_Shortcode_Products->get_content()
#5 D:\OSPanel\domains\forsagewp\wp-includes\shortcodes.php(319): WC_Shortcodes::products(Array, '', 'products')
#6 [internal function]: do_shortcode_ta в D:\OSPanel\domains\forsagewp\wp-content\themes\forsage_penza\woocommerce\loop\loop-end.php на строке 25

2019-01-16T11:13:16+00:00 CRITICAL Uncaught Error: Call to undefined function woo_pagination() in D:\OSPanel\domains\forsagewp\wp-content\themes\forsage_penza\woocommerce\loop\loop-end.php:25
Stack trace:
#0 D:\OSPanel\domains\forsagewp\wp-content\plugins\woocommerce\includes\wc-core-functions.php(208): include()
#1 D:\OSPanel\domains\forsagewp\wp-content\plugins\woocommerce\includes\wc-template-functions.php(1049): wc_get_template('loop/loop-end.p...')
#2 D:\OSPanel\domains\forsagewp\wp-content\plugins\woocommerce\includes\shortcodes\class-wc-shortcode-products.php(651): woocommerce_product_loop_end()
#3 D:\OSPanel\domains\forsagewp\wp-content\plugins\woocommerce\includes\shortcodes\class-wc-shortcode-products.php(100): WC_Shortcode_Products->product_loop()
#4 D:\OSPanel\domains\forsagewp\wp-content\plugins\woocommerce\includes\class-wc-shortcodes.php(264): WC_Shortcode_Products->get_content()
#5 D:\OSPanel\domains\forsagewp\wp-includes\shortcodes.php(319): WC_Shortcodes::products(Array, '', 'products')
#6 [internal function]: do_shortcode_ta в D:\OSPanel\domains\forsagewp\wp-content\themes\forsage_penza\woocommerce\loop\loop-end.php на строке 25

2019-01-16T11:13:37+00:00 CRITICAL Uncaught Error: Call to undefined function woo_pagination() in D:\OSPanel\domains\forsagewp\wp-content\themes\forsage_penza\woocommerce\loop\loop-end.php:25
Stack trace:
#0 D:\OSPanel\domains\forsagewp\wp-content\plugins\woocommerce\includes\wc-core-functions.php(208): include()
#1 D:\OSPanel\domains\forsagewp\wp-content\plugins\woocommerce\includes\wc-template-functions.php(1049): wc_get_template('loop/loop-end.p...')
#2 D:\OSPanel\domains\forsagewp\wp-content\plugins\woocommerce\includes\shortcodes\class-wc-shortcode-products.php(651): woocommerce_product_loop_end()
#3 D:\OSPanel\domains\forsagewp\wp-content\plugins\woocommerce\includes\shortcodes\class-wc-shortcode-products.php(100): WC_Shortcode_Products->product_loop()
#4 D:\OSPanel\domains\forsagewp\wp-content\plugins\woocommerce\includes\class-wc-shortcodes.php(264): WC_Shortcode_Products->get_content()
#5 D:\OSPanel\domains\forsagewp\wp-includes\shortcodes.php(319): WC_Shortcodes::products(Array, '', 'products')
#6 [internal function]: do_shortcode_ta в D:\OSPanel\domains\forsagewp\wp-content\themes\forsage_penza\woocommerce\loop\loop-end.php на строке 25

2019-01-16T11:13:38+00:00 CRITICAL Uncaught Error: Call to undefined function woo_pagination() in D:\OSPanel\domains\forsagewp\wp-content\themes\forsage_penza\woocommerce\loop\loop-end.php:25
Stack trace:
#0 D:\OSPanel\domains\forsagewp\wp-content\plugins\woocommerce\includes\wc-core-functions.php(208): include()
#1 D:\OSPanel\domains\forsagewp\wp-content\plugins\woocommerce\includes\wc-template-functions.php(1049): wc_get_template('loop/loop-end.p...')
#2 D:\OSPanel\domains\forsagewp\wp-content\plugins\woocommerce\includes\shortcodes\class-wc-shortcode-products.php(651): woocommerce_product_loop_end()
#3 D:\OSPanel\domains\forsagewp\wp-content\plugins\woocommerce\includes\shortcodes\class-wc-shortcode-products.php(100): WC_Shortcode_Products->product_loop()
#4 D:\OSPanel\domains\forsagewp\wp-content\plugins\woocommerce\includes\class-wc-shortcodes.php(264): WC_Shortcode_Products->get_content()
#5 D:\OSPanel\domains\forsagewp\wp-includes\shortcodes.php(319): WC_Shortcodes::products(Array, '', 'products')
#6 [internal function]: do_shortcode_ta в D:\OSPanel\domains\forsagewp\wp-content\themes\forsage_penza\woocommerce\loop\loop-end.php на строке 25

2019-01-16T11:13:46+00:00 CRITICAL Uncaught Error: Call to undefined function woo_pagination() in D:\OSPanel\domains\forsagewp\wp-content\themes\forsage_penza\woocommerce\loop\loop-end.php:25
Stack trace:
#0 D:\OSPanel\domains\forsagewp\wp-content\plugins\woocommerce\includes\wc-core-functions.php(208): include()
#1 D:\OSPanel\domains\forsagewp\wp-content\plugins\woocommerce\includes\wc-template-functions.php(1049): wc_get_template('loop/loop-end.p...')
#2 D:\OSPanel\domains\forsagewp\wp-content\plugins\woocommerce\includes\shortcodes\class-wc-shortcode-products.php(651): woocommerce_product_loop_end()
#3 D:\OSPanel\domains\forsagewp\wp-content\plugins\woocommerce\includes\shortcodes\class-wc-shortcode-products.php(100): WC_Shortcode_Products->product_loop()
#4 D:\OSPanel\domains\forsagewp\wp-content\plugins\woocommerce\includes\class-wc-shortcodes.php(264): WC_Shortcode_Products->get_content()
#5 D:\OSPanel\domains\forsagewp\wp-includes\shortcodes.php(319): WC_Shortcodes::products(Array, '', 'products')
#6 [internal function]: do_shortcode_ta в D:\OSPanel\domains\forsagewp\wp-content\themes\forsage_penza\woocommerce\loop\loop-end.php на строке 25

2019-01-16T11:13:47+00:00 CRITICAL Uncaught Error: Call to undefined function woo_pagination() in D:\OSPanel\domains\forsagewp\wp-content\themes\forsage_penza\woocommerce\loop\loop-end.php:25
Stack trace:
#0 D:\OSPanel\domains\forsagewp\wp-content\plugins\woocommerce\includes\wc-core-functions.php(208): include()
#1 D:\OSPanel\domains\forsagewp\wp-content\plugins\woocommerce\includes\wc-template-functions.php(1049): wc_get_template('loop/loop-end.p...')
#2 D:\OSPanel\domains\forsagewp\wp-content\plugins\woocommerce\includes\shortcodes\class-wc-shortcode-products.php(651): woocommerce_product_loop_end()
#3 D:\OSPanel\domains\forsagewp\wp-content\plugins\woocommerce\includes\shortcodes\class-wc-shortcode-products.php(100): WC_Shortcode_Products->product_loop()
#4 D:\OSPanel\domains\forsagewp\wp-content\plugins\woocommerce\includes\class-wc-shortcodes.php(264): WC_Shortcode_Products->get_content()
#5 D:\OSPanel\domains\forsagewp\wp-includes\shortcodes.php(319): WC_Shortcodes::products(Array, '', 'products')
#6 [internal function]: do_shortcode_ta в D:\OSPanel\domains\forsagewp\wp-content\themes\forsage_penza\woocommerce\loop\loop-end.php на строке 25

2019-01-16T11:13:48+00:00 CRITICAL Uncaught Error: Call to undefined function woo_pagination() in D:\OSPanel\domains\forsagewp\wp-content\themes\forsage_penza\woocommerce\loop\loop-end.php:25
Stack trace:
#0 D:\OSPanel\domains\forsagewp\wp-content\plugins\woocommerce\includes\wc-core-functions.php(208): include()
#1 D:\OSPanel\domains\forsagewp\wp-content\plugins\woocommerce\includes\wc-template-functions.php(1049): wc_get_template('loop/loop-end.p...')
#2 D:\OSPanel\domains\forsagewp\wp-content\plugins\woocommerce\includes\shortcodes\class-wc-shortcode-products.php(651): woocommerce_product_loop_end()
#3 D:\OSPanel\domains\forsagewp\wp-content\plugins\woocommerce\includes\shortcodes\class-wc-shortcode-products.php(100): WC_Shortcode_Products->product_loop()
#4 D:\OSPanel\domains\forsagewp\wp-content\plugins\woocommerce\includes\class-wc-shortcodes.php(264): WC_Shortcode_Products->get_content()
#5 D:\OSPanel\domains\forsagewp\wp-includes\shortcodes.php(319): WC_Shortcodes::products(Array, '', 'products')
#6 [internal function]: do_shortcode_ta в D:\OSPanel\domains\forsagewp\wp-content\themes\forsage_penza\woocommerce\loop\loop-end.php на строке 25

2019-01-16T11:13:57+00:00 CRITICAL Uncaught Error: Call to undefined function woo_pagination() in D:\OSPanel\domains\forsagewp\wp-content\themes\forsage_penza\woocommerce\loop\loop-end.php:25
Stack trace:
#0 D:\OSPanel\domains\forsagewp\wp-content\plugins\woocommerce\includes\wc-core-functions.php(208): include()
#1 D:\OSPanel\domains\forsagewp\wp-content\plugins\woocommerce\includes\wc-template-functions.php(1049): wc_get_template('loop/loop-end.p...')
#2 D:\OSPanel\domains\forsagewp\wp-content\plugins\woocommerce\includes\shortcodes\class-wc-shortcode-products.php(651): woocommerce_product_loop_end()
#3 D:\OSPanel\domains\forsagewp\wp-content\plugins\woocommerce\includes\shortcodes\class-wc-shortcode-products.php(100): WC_Shortcode_Products->product_loop()
#4 D:\OSPanel\domains\forsagewp\wp-content\plugins\woocommerce\includes\class-wc-shortcodes.php(264): WC_Shortcode_Products->get_content()
#5 D:\OSPanel\domains\forsagewp\wp-includes\shortcodes.php(319): WC_Shortcodes::products(Array, '', 'products')
#6 [internal function]: do_shortcode_ta в D:\OSPanel\domains\forsagewp\wp-content\themes\forsage_penza\woocommerce\loop\loop-end.php на строке 25

2019-01-16T11:13:58+00:00 CRITICAL Uncaught Error: Call to undefined function woo_pagination() in D:\OSPanel\domains\forsagewp\wp-content\themes\forsage_penza\woocommerce\loop\loop-end.php:25
Stack trace:
#0 D:\OSPanel\domains\forsagewp\wp-content\plugins\woocommerce\includes\wc-core-functions.php(208): include()
#1 D:\OSPanel\domains\forsagewp\wp-content\plugins\woocommerce\includes\wc-template-functions.php(1049): wc_get_template('loop/loop-end.p...')
#2 D:\OSPanel\domains\forsagewp\wp-content\plugins\woocommerce\includes\shortcodes\class-wc-shortcode-products.php(651): woocommerce_product_loop_end()
#3 D:\OSPanel\domains\forsagewp\wp-content\plugins\woocommerce\includes\shortcodes\class-wc-shortcode-products.php(100): WC_Shortcode_Products->product_loop()
#4 D:\OSPanel\domains\forsagewp\wp-content\plugins\woocommerce\includes\class-wc-shortcodes.php(264): WC_Shortcode_Products->get_content()
#5 D:\OSPanel\domains\forsagewp\wp-includes\shortcodes.php(319): WC_Shortcodes::products(Array, '', 'products')
#6 [internal function]: do_shortcode_ta в D:\OSPanel\domains\forsagewp\wp-content\themes\forsage_penza\woocommerce\loop\loop-end.php на строке 25

2019-01-16T11:14:11+00:00 CRITICAL Uncaught Error: Call to undefined function woo_pagination() in D:\OSPanel\domains\forsagewp\wp-content\themes\forsage_penza\woocommerce\loop\loop-end.php:25
Stack trace:
#0 D:\OSPanel\domains\forsagewp\wp-content\plugins\woocommerce\includes\wc-core-functions.php(208): include()
#1 D:\OSPanel\domains\forsagewp\wp-content\plugins\woocommerce\includes\wc-template-functions.php(1049): wc_get_template('loop/loop-end.p...')
#2 D:\OSPanel\domains\forsagewp\wp-content\plugins\woocommerce\includes\shortcodes\class-wc-shortcode-products.php(651): woocommerce_product_loop_end()
#3 D:\OSPanel\domains\forsagewp\wp-content\plugins\woocommerce\includes\shortcodes\class-wc-shortcode-products.php(100): WC_Shortcode_Products->product_loop()
#4 D:\OSPanel\domains\forsagewp\wp-content\plugins\woocommerce\includes\class-wc-shortcodes.php(264): WC_Shortcode_Products->get_content()
#5 D:\OSPanel\domains\forsagewp\wp-includes\shortcodes.php(319): WC_Shortcodes::products(Array, '', 'products')
#6 [internal function]: do_shortcode_ta в D:\OSPanel\domains\forsagewp\wp-content\themes\forsage_penza\woocommerce\loop\loop-end.php на строке 25

2019-01-16T12:02:04+00:00 CRITICAL syntax error, unexpected 'echo' (T_ECHO) в D:\OSPanel\domains\forsagewp\wp-content\themes\forsage_penza\woocommerce\content-product.php на строке 28

2019-01-16T12:08:19+00:00 CRITICAL syntax error, unexpected ';' в D:\OSPanel\domains\forsagewp\wp-content\themes\forsage_penza\woocommerce\content-product.php на строке 26

2019-01-16T12:58:21+00:00 CRITICAL syntax error, unexpected '$args' (T_VARIABLE) в D:\OSPanel\domains\forsagewp\wp-content\themes\forsage_penza\disks_product_list.php на строке 16

2019-01-16T12:59:08+00:00 CRITICAL syntax error, unexpected '$args' (T_VARIABLE) в D:\OSPanel\domains\forsagewp\wp-content\themes\forsage_penza\disks_product_list.php на строке 14

2019-01-16T12:59:28+00:00 CRITICAL syntax error, unexpected '$args1' (T_VARIABLE) в D:\OSPanel\domains\forsagewp\wp-content\themes\forsage_penza\disks_product_list.php на строке 14

2019-01-16T12:59:39+00:00 CRITICAL syntax error, unexpected '$args' (T_VARIABLE) в D:\OSPanel\domains\forsagewp\wp-content\themes\forsage_penza\disks_product_list.php на строке 14

2019-01-16T13:00:02+00:00 CRITICAL syntax error, unexpected '$custom_query' (T_VARIABLE) в D:\OSPanel\domains\forsagewp\wp-content\themes\forsage_penza\disks_product_list.php на строке 14

2019-01-16T13:27:25+00:00 CRITICAL syntax error, unexpected '=', expecting ')' в D:\OSPanel\domains\forsagewp\wp-content\themes\forsage_penza\disks_product_list.php на строке 31

2019-01-16T13:55:00+00:00 CRITICAL syntax error, unexpected ')' в D:\OSPanel\domains\forsagewp\wp-content\themes\forsage_penza\disks_product_list.php на строке 24

2019-01-16T13:56:21+00:00 CRITICAL Uncaught Error: Call to a member function get_attribute() on null in D:\OSPanel\domains\forsagewp\wp-content\themes\forsage_penza\disks_product_list.php:18
Stack trace:
#0 D:\OSPanel\domains\forsagewp\wp-includes\template-loader.php(74): include()
#1 D:\OSPanel\domains\forsagewp\wp-blog-header.php(19): require_once('D:\\OSPanel\\doma...')
#2 D:\OSPanel\domains\forsagewp\index.php(17): require('D:\\OSPanel\\doma...')
#3 {main}
  thrown в D:\OSPanel\domains\forsagewp\wp-content\themes\forsage_penza\disks_product_list.php на строке 18

2019-01-16T13:57:03+00:00 CRITICAL Uncaught Error: Call to a member function get_attribute() on null in D:\OSPanel\domains\forsagewp\wp-content\themes\forsage_penza\disks_product_list.php:27
Stack trace:
#0 D:\OSPanel\domains\forsagewp\wp-includes\template-loader.php(74): include()
#1 D:\OSPanel\domains\forsagewp\wp-blog-header.php(19): require_once('D:\\OSPanel\\doma...')
#2 D:\OSPanel\domains\forsagewp\index.php(17): require('D:\\OSPanel\\doma...')
#3 {main}
  thrown в D:\OSPanel\domains\forsagewp\wp-content\themes\forsage_penza\disks_product_list.php на строке 27

2019-01-16T13:57:40+00:00 CRITICAL Uncaught Error: Call to a member function get_attribute() on null in D:\OSPanel\domains\forsagewp\wp-content\themes\forsage_penza\disks_product_list.php:28
Stack trace:
#0 D:\OSPanel\domains\forsagewp\wp-includes\template-loader.php(74): include()
#1 D:\OSPanel\domains\forsagewp\wp-blog-header.php(19): require_once('D:\\OSPanel\\doma...')
#2 D:\OSPanel\domains\forsagewp\index.php(17): require('D:\\OSPanel\\doma...')
#3 {main}
  thrown в D:\OSPanel\domains\forsagewp\wp-content\themes\forsage_penza\disks_product_list.php на строке 28

2019-01-16T13:58:20+00:00 CRITICAL Uncaught Error: Call to a member function get_attribute() on null in D:\OSPanel\domains\forsagewp\wp-content\themes\forsage_penza\disks_product_list.php:28
Stack trace:
#0 D:\OSPanel\domains\forsagewp\wp-includes\template-loader.php(74): include()
#1 D:\OSPanel\domains\forsagewp\wp-blog-header.php(19): require_once('D:\\OSPanel\\doma...')
#2 D:\OSPanel\domains\forsagewp\index.php(17): require('D:\\OSPanel\\doma...')
#3 {main}
  thrown в D:\OSPanel\domains\forsagewp\wp-content\themes\forsage_penza\disks_product_list.php на строке 28

2019-01-16T13:58:32+00:00 CRITICAL syntax error, unexpected 'endwhile' (T_ENDWHILE), expecting elseif (T_ELSEIF) or else (T_ELSE) or endif (T_ENDIF) в D:\OSPanel\domains\forsagewp\wp-content\themes\forsage_penza\disks_product_list.php на строке 34

2019-01-16T14:25:17+00:00 CRITICAL syntax error, unexpected '=', expecting ')' в D:\OSPanel\domains\forsagewp\wp-content\themes\forsage_penza\disks_product_list.php на строке 32

2019-01-16T14:25:30+00:00 CRITICAL syntax error, unexpected ')' в D:\OSPanel\domains\forsagewp\wp-content\themes\forsage_penza\disks_product_list.php на строке 28

2019-01-16T14:46:15+00:00 CRITICAL syntax error, unexpected '$query' (T_VARIABLE) в D:\OSPanel\domains\forsagewp\wp-content\themes\forsage_penza\disks_product_list.php на строке 38

2019-01-16T15:19:13+00:00 CRITICAL Uncaught Error: Call to a member function have_posts() on array in D:\OSPanel\domains\forsagewp\wp-content\themes\forsage_penza\disks_product_list.php:53
Stack trace:
#0 D:\OSPanel\domains\forsagewp\wp-includes\template-loader.php(74): include()
#1 D:\OSPanel\domains\forsagewp\wp-blog-header.php(19): require_once('D:\\OSPanel\\doma...')
#2 D:\OSPanel\domains\forsagewp\index.php(17): require('D:\\OSPanel\\doma...')
#3 {main}
  thrown в D:\OSPanel\domains\forsagewp\wp-content\themes\forsage_penza\disks_product_list.php на строке 53

2019-01-16T15:23:03+00:00 CRITICAL syntax error, unexpected ',' в D:\OSPanel\domains\forsagewp\wp-content\themes\forsage_penza\disks_product_list.php на строке 58

2019-01-16T15:30:19+00:00 CRITICAL Uncaught Error: Call to a member function get_attribute() on null in D:\OSPanel\domains\forsagewp\wp-content\themes\forsage_penza\disks_product_list.php:40
Stack trace:
#0 D:\OSPanel\domains\forsagewp\wp-includes\template-loader.php(74): include()
#1 D:\OSPanel\domains\forsagewp\wp-blog-header.php(19): require_once('D:\\OSPanel\\doma...')
#2 D:\OSPanel\domains\forsagewp\index.php(17): require('D:\\OSPanel\\doma...')
#3 {main}
  thrown в D:\OSPanel\domains\forsagewp\wp-content\themes\forsage_penza\disks_product_list.php на строке 40

2019-01-16T15:34:32+00:00 CRITICAL syntax error, unexpected '$args' (T_VARIABLE), expecting ',' or ')' в D:\OSPanel\domains\forsagewp\wp-content\themes\forsage_penza\disks_product_list.php на строке 50

2019-01-16T15:45:31+00:00 CRITICAL syntax error, unexpected ')' в D:\OSPanel\domains\forsagewp\wp-content\themes\forsage_penza\disks_product_list.php на строке 28

2019-01-16T15:55:47+00:00 CRITICAL syntax error, unexpected ')' в D:\OSPanel\domains\forsagewp\wp-content\themes\forsage_penza\disks_product_list.php на строке 25

