2019-01-23T11:10:37+00:00 CRITICAL syntax error, unexpected end of file в D:\OSPanel\domains\forsagewp\wp-content\themes\forsage_penza\cart_main_temp.php на строке 35

2019-01-23T11:45:23+00:00 CRITICAL Uncaught Error: Call to undefined method WC_Product_Simple::get_cat() in D:\OSPanel\domains\forsagewp\wp-content\themes\forsage_penza\woocommerce\cart\cart.php:82
Stack trace:
#0 D:\OSPanel\domains\forsagewp\wp-content\themes\forsage_penza\cart_main_temp.php(27): include()
#1 D:\OSPanel\domains\forsagewp\wp-includes\template-loader.php(74): include('D:\\OSPanel\\doma...')
#2 D:\OSPanel\domains\forsagewp\wp-blog-header.php(19): require_once('D:\\OSPanel\\doma...')
#3 D:\OSPanel\domains\forsagewp\index.php(17): require('D:\\OSPanel\\doma...')
#4 {main}
  thrown в D:\OSPanel\domains\forsagewp\wp-content\themes\forsage_penza\woocommerce\cart\cart.php на строке 82

2019-01-23T11:47:20+00:00 CRITICAL Uncaught Error: Call to undefined method WC_Product_Simple::get_category_id() in D:\OSPanel\domains\forsagewp\wp-content\themes\forsage_penza\woocommerce\cart\cart.php:82
Stack trace:
#0 D:\OSPanel\domains\forsagewp\wp-content\themes\forsage_penza\cart_main_temp.php(27): include()
#1 D:\OSPanel\domains\forsagewp\wp-includes\template-loader.php(74): include('D:\\OSPanel\\doma...')
#2 D:\OSPanel\domains\forsagewp\wp-blog-header.php(19): require_once('D:\\OSPanel\\doma...')
#3 D:\OSPanel\domains\forsagewp\index.php(17): require('D:\\OSPanel\\doma...')
#4 {main}
  thrown в D:\OSPanel\domains\forsagewp\wp-content\themes\forsage_penza\woocommerce\cart\cart.php на строке 82

2019-01-23T11:50:24+00:00 CRITICAL Uncaught Error: Call to undefined method WC_Product_Simple::get_category() in D:\OSPanel\domains\forsagewp\wp-content\themes\forsage_penza\woocommerce\cart\cart.php:82
Stack trace:
#0 D:\OSPanel\domains\forsagewp\wp-content\themes\forsage_penza\cart_main_temp.php(27): include()
#1 D:\OSPanel\domains\forsagewp\wp-includes\template-loader.php(74): include('D:\\OSPanel\\doma...')
#2 D:\OSPanel\domains\forsagewp\wp-blog-header.php(19): require_once('D:\\OSPanel\\doma...')
#3 D:\OSPanel\domains\forsagewp\index.php(17): require('D:\\OSPanel\\doma...')
#4 {main}
  thrown в D:\OSPanel\domains\forsagewp\wp-content\themes\forsage_penza\woocommerce\cart\cart.php на строке 82

2019-01-23T11:51:40+00:00 CRITICAL Uncaught Error: Call to a member function get_category_ids() on null in D:\OSPanel\domains\forsagewp\wp-content\themes\forsage_penza\woocommerce\cart\cart.php:82
Stack trace:
#0 D:\OSPanel\domains\forsagewp\wp-content\themes\forsage_penza\cart_main_temp.php(27): include()
#1 D:\OSPanel\domains\forsagewp\wp-includes\template-loader.php(74): include('D:\\OSPanel\\doma...')
#2 D:\OSPanel\domains\forsagewp\wp-blog-header.php(19): require_once('D:\\OSPanel\\doma...')
#3 D:\OSPanel\domains\forsagewp\index.php(17): require('D:\\OSPanel\\doma...')
#4 {main}
  thrown в D:\OSPanel\domains\forsagewp\wp-content\themes\forsage_penza\woocommerce\cart\cart.php на строке 82

2019-01-23T11:51:58+00:00 CRITICAL syntax error, unexpected '$cat' (T_VARIABLE), expecting ',' or ';' в D:\OSPanel\domains\forsagewp\wp-content\themes\forsage_penza\woocommerce\cart\cart.php на строке 83

2019-01-23T11:52:01+00:00 CRITICAL Uncaught Error: Call to a member function get_category_ids() on null in D:\OSPanel\domains\forsagewp\wp-content\themes\forsage_penza\woocommerce\cart\cart.php:83
Stack trace:
#0 D:\OSPanel\domains\forsagewp\wp-content\themes\forsage_penza\cart_main_temp.php(27): include()
#1 D:\OSPanel\domains\forsagewp\wp-includes\template-loader.php(74): include('D:\\OSPanel\\doma...')
#2 D:\OSPanel\domains\forsagewp\wp-blog-header.php(19): require_once('D:\\OSPanel\\doma...')
#3 D:\OSPanel\domains\forsagewp\index.php(17): require('D:\\OSPanel\\doma...')
#4 {main}
  thrown в D:\OSPanel\domains\forsagewp\wp-content\themes\forsage_penza\woocommerce\cart\cart.php на строке 83

2019-01-23T11:53:01+00:00 CRITICAL Uncaught Error: Call to undefined method WC_Product_Simple::get_taxonomies() in D:\OSPanel\domains\forsagewp\wp-content\themes\forsage_penza\woocommerce\cart\cart.php:82
Stack trace:
#0 D:\OSPanel\domains\forsagewp\wp-content\themes\forsage_penza\cart_main_temp.php(27): include()
#1 D:\OSPanel\domains\forsagewp\wp-includes\template-loader.php(74): include('D:\\OSPanel\\doma...')
#2 D:\OSPanel\domains\forsagewp\wp-blog-header.php(19): require_once('D:\\OSPanel\\doma...')
#3 D:\OSPanel\domains\forsagewp\index.php(17): require('D:\\OSPanel\\doma...')
#4 {main}
  thrown в D:\OSPanel\domains\forsagewp\wp-content\themes\forsage_penza\woocommerce\cart\cart.php на строке 82

2019-01-23T11:53:05+00:00 CRITICAL Uncaught Error: Call to undefined method WC_Product_Simple::get_tax() in D:\OSPanel\domains\forsagewp\wp-content\themes\forsage_penza\woocommerce\cart\cart.php:82
Stack trace:
#0 D:\OSPanel\domains\forsagewp\wp-content\themes\forsage_penza\cart_main_temp.php(27): include()
#1 D:\OSPanel\domains\forsagewp\wp-includes\template-loader.php(74): include('D:\\OSPanel\\doma...')
#2 D:\OSPanel\domains\forsagewp\wp-blog-header.php(19): require_once('D:\\OSPanel\\doma...')
#3 D:\OSPanel\domains\forsagewp\index.php(17): require('D:\\OSPanel\\doma...')
#4 {main}
  thrown в D:\OSPanel\domains\forsagewp\wp-content\themes\forsage_penza\woocommerce\cart\cart.php на строке 82

2019-01-23T11:53:14+00:00 CRITICAL Uncaught Error: Call to undefined method WC_Product_Simple::get_cat() in D:\OSPanel\domains\forsagewp\wp-content\themes\forsage_penza\woocommerce\cart\cart.php:82
Stack trace:
#0 D:\OSPanel\domains\forsagewp\wp-content\themes\forsage_penza\cart_main_temp.php(27): include()
#1 D:\OSPanel\domains\forsagewp\wp-includes\template-loader.php(74): include('D:\\OSPanel\\doma...')
#2 D:\OSPanel\domains\forsagewp\wp-blog-header.php(19): require_once('D:\\OSPanel\\doma...')
#3 D:\OSPanel\domains\forsagewp\index.php(17): require('D:\\OSPanel\\doma...')
#4 {main}
  thrown в D:\OSPanel\domains\forsagewp\wp-content\themes\forsage_penza\woocommerce\cart\cart.php на строке 82

2019-01-23T11:55:12+00:00 CRITICAL Uncaught Error: Call to undefined method WC_Product_Simple::get_product_cat() in D:\OSPanel\domains\forsagewp\wp-content\themes\forsage_penza\woocommerce\cart\cart.php:82
Stack trace:
#0 D:\OSPanel\domains\forsagewp\wp-content\themes\forsage_penza\cart_main_temp.php(27): include()
#1 D:\OSPanel\domains\forsagewp\wp-includes\template-loader.php(74): include('D:\\OSPanel\\doma...')
#2 D:\OSPanel\domains\forsagewp\wp-blog-header.php(19): require_once('D:\\OSPanel\\doma...')
#3 D:\OSPanel\domains\forsagewp\index.php(17): require('D:\\OSPanel\\doma...')
#4 {main}
  thrown в D:\OSPanel\domains\forsagewp\wp-content\themes\forsage_penza\woocommerce\cart\cart.php на строке 82

2019-01-23T11:55:55+00:00 CRITICAL Uncaught Error: Call to undefined method WC_Product_Simple::get_the_category() in D:\OSPanel\domains\forsagewp\wp-content\themes\forsage_penza\woocommerce\cart\cart.php:82
Stack trace:
#0 D:\OSPanel\domains\forsagewp\wp-content\themes\forsage_penza\cart_main_temp.php(27): include()
#1 D:\OSPanel\domains\forsagewp\wp-includes\template-loader.php(74): include('D:\\OSPanel\\doma...')
#2 D:\OSPanel\domains\forsagewp\wp-blog-header.php(19): require_once('D:\\OSPanel\\doma...')
#3 D:\OSPanel\domains\forsagewp\index.php(17): require('D:\\OSPanel\\doma...')
#4 {main}
  thrown в D:\OSPanel\domains\forsagewp\wp-content\themes\forsage_penza\woocommerce\cart\cart.php на строке 82

2019-01-23T11:56:05+00:00 CRITICAL Uncaught Error: Call to undefined method WC_Product_Simple::get_the_category() in D:\OSPanel\domains\forsagewp\wp-content\themes\forsage_penza\woocommerce\cart\cart.php:82
Stack trace:
#0 D:\OSPanel\domains\forsagewp\wp-content\themes\forsage_penza\cart_main_temp.php(27): include()
#1 D:\OSPanel\domains\forsagewp\wp-includes\template-loader.php(74): include('D:\\OSPanel\\doma...')
#2 D:\OSPanel\domains\forsagewp\wp-blog-header.php(19): require_once('D:\\OSPanel\\doma...')
#3 D:\OSPanel\domains\forsagewp\index.php(17): require('D:\\OSPanel\\doma...')
#4 {main}
  thrown в D:\OSPanel\domains\forsagewp\wp-content\themes\forsage_penza\woocommerce\cart\cart.php на строке 82

2019-01-23T11:57:35+00:00 CRITICAL syntax error, unexpected '111111' (T_LNUMBER), expecting ',' or ';' в D:\OSPanel\domains\forsagewp\wp-content\themes\forsage_penza\woocommerce\cart\cart.php на строке 83

2019-01-23T12:03:18+00:00 CRITICAL syntax error, unexpected ')' в D:\OSPanel\domains\forsagewp\wp-content\themes\forsage_penza\woocommerce\cart\cart.php на строке 82

2019-01-23T12:06:59+00:00 CRITICAL Uncaught Error: Call to undefined method WC_Product_Simple::product_cat() in D:\OSPanel\domains\forsagewp\wp-content\themes\forsage_penza\woocommerce\cart\cart.php:82
Stack trace:
#0 D:\OSPanel\domains\forsagewp\wp-content\themes\forsage_penza\cart_main_temp.php(27): include()
#1 D:\OSPanel\domains\forsagewp\wp-includes\template-loader.php(74): include('D:\\OSPanel\\doma...')
#2 D:\OSPanel\domains\forsagewp\wp-blog-header.php(19): require_once('D:\\OSPanel\\doma...')
#3 D:\OSPanel\domains\forsagewp\index.php(17): require('D:\\OSPanel\\doma...')
#4 {main}
  thrown в D:\OSPanel\domains\forsagewp\wp-content\themes\forsage_penza\woocommerce\cart\cart.php на строке 82

2019-01-23T12:07:07+00:00 CRITICAL Uncaught Error: Call to undefined method WC_Product_Simple::get_product_cat() in D:\OSPanel\domains\forsagewp\wp-content\themes\forsage_penza\woocommerce\cart\cart.php:82
Stack trace:
#0 D:\OSPanel\domains\forsagewp\wp-content\themes\forsage_penza\cart_main_temp.php(27): include()
#1 D:\OSPanel\domains\forsagewp\wp-includes\template-loader.php(74): include('D:\\OSPanel\\doma...')
#2 D:\OSPanel\domains\forsagewp\wp-blog-header.php(19): require_once('D:\\OSPanel\\doma...')
#3 D:\OSPanel\domains\forsagewp\index.php(17): require('D:\\OSPanel\\doma...')
#4 {main}
  thrown в D:\OSPanel\domains\forsagewp\wp-content\themes\forsage_penza\woocommerce\cart\cart.php на строке 82

2019-01-23T12:07:53+00:00 CRITICAL Uncaught Error: Call to undefined method WC_Product_Simple::wc_get_product_cat_ids() in D:\OSPanel\domains\forsagewp\wp-content\themes\forsage_penza\woocommerce\cart\cart.php:82
Stack trace:
#0 D:\OSPanel\domains\forsagewp\wp-content\themes\forsage_penza\cart_main_temp.php(27): include()
#1 D:\OSPanel\domains\forsagewp\wp-includes\template-loader.php(74): include('D:\\OSPanel\\doma...')
#2 D:\OSPanel\domains\forsagewp\wp-blog-header.php(19): require_once('D:\\OSPanel\\doma...')
#3 D:\OSPanel\domains\forsagewp\index.php(17): require('D:\\OSPanel\\doma...')
#4 {main}
  thrown в D:\OSPanel\domains\forsagewp\wp-content\themes\forsage_penza\woocommerce\cart\cart.php на строке 82

2019-01-23T12:08:24+00:00 CRITICAL Uncaught ArgumentCountError: Too few arguments to function wc_get_product_cat_ids(), 0 passed in D:\OSPanel\domains\forsagewp\wp-content\themes\forsage_penza\woocommerce\cart\cart.php on line 82 and exactly 1 expected in D:\OSPanel\domains\forsagewp\wp-content\plugins\woocommerce\includes\wc-product-functions.php:680
Stack trace:
#0 D:\OSPanel\domains\forsagewp\wp-content\themes\forsage_penza\woocommerce\cart\cart.php(82): wc_get_product_cat_ids()
#1 D:\OSPanel\domains\forsagewp\wp-content\themes\forsage_penza\cart_main_temp.php(27): include('D:\\OSPanel\\doma...')
#2 D:\OSPanel\domains\forsagewp\wp-includes\template-loader.php(74): include('D:\\OSPanel\\doma...')
#3 D:\OSPanel\domains\forsagewp\wp-blog-header.php(19): require_once('D:\\OSPanel\\doma...')
#4 D:\OSPanel\domains\forsagewp\index.php(17): require('D:\\OSPanel\\doma...')
#5 {main}
  thrown в D:\OSPanel\domains\forsagewp\wp-content\plugins\woocommerce\includes\wc-product-functions.php на строке 680

2019-01-23T12:09:20+00:00 CRITICAL Uncaught ArgumentCountError: Too few arguments to function wc_get_product_term_ids(), 0 passed in D:\OSPanel\domains\forsagewp\wp-content\themes\forsage_penza\woocommerce\cart\cart.php on line 82 and exactly 2 expected in D:\OSPanel\domains\forsagewp\wp-content\plugins\woocommerce\includes\wc-product-functions.php:934
Stack trace:
#0 D:\OSPanel\domains\forsagewp\wp-content\themes\forsage_penza\woocommerce\cart\cart.php(82): wc_get_product_term_ids()
#1 D:\OSPanel\domains\forsagewp\wp-content\themes\forsage_penza\cart_main_temp.php(27): include('D:\\OSPanel\\doma...')
#2 D:\OSPanel\domains\forsagewp\wp-includes\template-loader.php(74): include('D:\\OSPanel\\doma...')
#3 D:\OSPanel\domains\forsagewp\wp-blog-header.php(19): require_once('D:\\OSPanel\\doma...')
#4 D:\OSPanel\domains\forsagewp\index.php(17): require('D:\\OSPanel\\doma...')
#5 {main}
  thrown в D:\OSPanel\domains\forsagewp\wp-content\plugins\woocommerce\includes\wc-product-functions.php на строке 934

2019-01-23T12:09:25+00:00 CRITICAL Uncaught ArgumentCountError: Too few arguments to function wc_get_product_term_ids(), 1 passed in D:\OSPanel\domains\forsagewp\wp-content\themes\forsage_penza\woocommerce\cart\cart.php on line 82 and exactly 2 expected in D:\OSPanel\domains\forsagewp\wp-content\plugins\woocommerce\includes\wc-product-functions.php:934
Stack trace:
#0 D:\OSPanel\domains\forsagewp\wp-content\themes\forsage_penza\woocommerce\cart\cart.php(82): wc_get_product_term_ids(12)
#1 D:\OSPanel\domains\forsagewp\wp-content\themes\forsage_penza\cart_main_temp.php(27): include('D:\\OSPanel\\doma...')
#2 D:\OSPanel\domains\forsagewp\wp-includes\template-loader.php(74): include('D:\\OSPanel\\doma...')
#3 D:\OSPanel\domains\forsagewp\wp-blog-header.php(19): require_once('D:\\OSPanel\\doma...')
#4 D:\OSPanel\domains\forsagewp\index.php(17): require('D:\\OSPanel\\doma...')
#5 {main}
  thrown в D:\OSPanel\domains\forsagewp\wp-content\plugins\woocommerce\includes\wc-product-functions.php на строке 934

2019-01-23T12:10:25+00:00 CRITICAL Uncaught Error: Call to undefined method WC_Product_Simple::get_product_term_ids() in D:\OSPanel\domains\forsagewp\wp-content\themes\forsage_penza\woocommerce\cart\cart.php:82
Stack trace:
#0 D:\OSPanel\domains\forsagewp\wp-content\themes\forsage_penza\cart_main_temp.php(27): include()
#1 D:\OSPanel\domains\forsagewp\wp-includes\template-loader.php(74): include('D:\\OSPanel\\doma...')
#2 D:\OSPanel\domains\forsagewp\wp-blog-header.php(19): require_once('D:\\OSPanel\\doma...')
#3 D:\OSPanel\domains\forsagewp\index.php(17): require('D:\\OSPanel\\doma...')
#4 {main}
  thrown в D:\OSPanel\domains\forsagewp\wp-content\themes\forsage_penza\woocommerce\cart\cart.php на строке 82

2019-01-23T12:10:35+00:00 CRITICAL Uncaught Error: Call to undefined method WC_Product_Simple::get_product_term_ids() in D:\OSPanel\domains\forsagewp\wp-content\themes\forsage_penza\woocommerce\cart\cart.php:82
Stack trace:
#0 D:\OSPanel\domains\forsagewp\wp-content\themes\forsage_penza\cart_main_temp.php(27): include()
#1 D:\OSPanel\domains\forsagewp\wp-includes\template-loader.php(74): include('D:\\OSPanel\\doma...')
#2 D:\OSPanel\domains\forsagewp\wp-blog-header.php(19): require_once('D:\\OSPanel\\doma...')
#3 D:\OSPanel\domains\forsagewp\index.php(17): require('D:\\OSPanel\\doma...')
#4 {main}
  thrown в D:\OSPanel\domains\forsagewp\wp-content\themes\forsage_penza\woocommerce\cart\cart.php на строке 82

2019-01-23T12:15:11+00:00 CRITICAL Uncaught Error: Call to a member function get_category_ids() on null in D:\OSPanel\domains\forsagewp\wp-content\themes\forsage_penza\woocommerce\cart\cart.php:82
Stack trace:
#0 D:\OSPanel\domains\forsagewp\wp-content\themes\forsage_penza\cart_main_temp.php(27): include()
#1 D:\OSPanel\domains\forsagewp\wp-includes\template-loader.php(74): include('D:\\OSPanel\\doma...')
#2 D:\OSPanel\domains\forsagewp\wp-blog-header.php(19): require_once('D:\\OSPanel\\doma...')
#3 D:\OSPanel\domains\forsagewp\index.php(17): require('D:\\OSPanel\\doma...')
#4 {main}
  thrown в D:\OSPanel\domains\forsagewp\wp-content\themes\forsage_penza\woocommerce\cart\cart.php на строке 82

2019-01-23T13:34:46+00:00 CRITICAL Uncaught Error: Call to undefined function wc_cart_totals_order_total() in D:\OSPanel\domains\forsagewp\wp-content\themes\forsage_penza\woocommerce\cart\cart-totals.php:93
Stack trace:
#0 D:\OSPanel\domains\forsagewp\wp-content\plugins\woocommerce\includes\wc-core-functions.php(208): include()
#1 D:\OSPanel\domains\forsagewp\wp-content\plugins\woocommerce\includes\wc-template-functions.php(1912): wc_get_template('cart/cart-total...')
#2 D:\OSPanel\domains\forsagewp\wp-includes\class-wp-hook.php(286): woocommerce_cart_totals('')
#3 D:\OSPanel\domains\forsagewp\wp-includes\class-wp-hook.php(310): WP_Hook->apply_filters(NULL, Array)
#4 D:\OSPanel\domains\forsagewp\wp-includes\plugin.php(453): WP_Hook->do_action(Array)
#5 D:\OSPanel\domains\forsagewp\wp-content\themes\forsage_penza\cart_main_temp.php(43): do_action('woocommerce_car...')
#6 D:\OSPanel\domains\forsagewp\wp-includes\template-loader.php(74): include('D:\\OSPanel\\doma...')
#7 D:\OSPanel\domains\forsagewp\wp-blog-header.php(19): require_once('D:\\OSPa в D:\OSPanel\domains\forsagewp\wp-content\themes\forsage_penza\woocommerce\cart\cart-totals.php на строке 93

